<?xml version="1.0" encoding="UTF-8"?>
<coverage generated="1778691140586" clover="3.2.0">
  <project timestamp="1778691140586" name="All files">
    <metrics statements="435" coveredstatements="328" conditionals="230" coveredconditionals="135" methods="125" coveredmethods="80" elements="790" coveredelements="543" complexity="0" loc="435" ncloc="435" packages="15" files="15" classes="15"/>
    <package name="components">
      <metrics statements="30" coveredstatements="23" conditionals="8" coveredconditionals="6" methods="11" coveredmethods="7"/>
      <file name="Sidebar.jsx" path="D:\Universidad\Ingenieria de Sistemas\7 - Séptimo Semestre\Proyecto Integrador 2\Proyecto\Frontend\task-management\src\assets\components\Sidebar.jsx">
        <metrics statements="30" coveredstatements="23" conditionals="8" coveredconditionals="6" methods="11" coveredmethods="7"/>
        <line num="7" count="1" type="stmt"/>
        <line num="8" count="3" type="stmt"/>
        <line num="9" count="3" type="stmt"/>
        <line num="10" count="3" type="stmt"/>
        <line num="12" count="3" type="stmt"/>
        <line num="15" count="3" type="stmt"/>
        <line num="16" count="1" type="stmt"/>
        <line num="17" count="1" type="stmt"/>
        <line num="18" count="1" type="stmt"/>
        <line num="19" count="1" type="cond" truecount="1" falsecount="1"/>
        <line num="20" count="0" type="stmt"/>
        <line num="21" count="0" type="stmt"/>
        <line num="24" count="1" type="stmt"/>
        <line num="25" count="1" type="stmt"/>
        <line num="27" count="1" type="stmt"/>
        <line num="28" count="1" type="stmt"/>
        <line num="31" count="0" type="stmt"/>
        <line num="35" count="1" type="stmt"/>
        <line num="39" count="3" type="stmt"/>
        <line num="40" count="1" type="stmt"/>
        <line num="41" count="1" type="stmt"/>
        <line num="42" count="1" type="stmt"/>
        <line num="45" count="3" type="stmt"/>
        <line num="70" count="0" type="stmt"/>
        <line num="71" count="0" type="stmt"/>
        <line num="72" count="0" type="stmt"/>
        <line num="76" count="1" type="stmt"/>
        <line num="86" count="2" type="stmt"/>
        <line num="87" count="1" type="stmt"/>
        <line num="97" count="0" type="stmt"/>
      </file>
    </package>
    <package name="layout">
      <metrics statements="6" coveredstatements="6" conditionals="0" coveredconditionals="0" methods="3" coveredmethods="3"/>
      <file name="Layout.jsx" path="D:\Universidad\Ingenieria de Sistemas\7 - Séptimo Semestre\Proyecto Integrador 2\Proyecto\Frontend\task-management\src\assets\layout\Layout.jsx">
        <metrics statements="6" coveredstatements="6" conditionals="0" coveredconditionals="0" methods="3" coveredmethods="3"/>
        <line num="7" count="1" type="stmt"/>
        <line num="8" count="1" type="stmt"/>
        <line num="9" count="1" type="stmt"/>
        <line num="11" count="1" type="stmt"/>
        <line num="12" count="1" type="stmt"/>
        <line num="16" count="1" type="stmt"/>
      </file>
    </package>
    <package name="layout.footer">
      <metrics statements="3" coveredstatements="3" conditionals="0" coveredconditionals="0" methods="1" coveredmethods="1"/>
      <file name="Footer.jsx" path="D:\Universidad\Ingenieria de Sistemas\7 - Séptimo Semestre\Proyecto Integrador 2\Proyecto\Frontend\task-management\src\assets\layout\footer\Footer.jsx">
        <metrics statements="3" coveredstatements="3" conditionals="0" coveredconditionals="0" methods="1" coveredmethods="1"/>
        <line num="4" count="1" type="stmt"/>
        <line num="5" count="2" type="stmt"/>
        <line num="7" count="2" type="stmt"/>
      </file>
    </package>
    <package name="layout.header">
      <metrics statements="11" coveredstatements="4" conditionals="6" coveredconditionals="5" methods="9" coveredmethods="2"/>
      <file name="Header.jsx" path="D:\Universidad\Ingenieria de Sistemas\7 - Séptimo Semestre\Proyecto Integrador 2\Proyecto\Frontend\task-management\src\assets\layout\header\Header.jsx">
        <metrics statements="11" coveredstatements="4" conditionals="6" coveredconditionals="5" methods="9" coveredmethods="2"/>
        <line num="6" count="4" type="stmt"/>
        <line num="7" count="4" type="stmt"/>
        <line num="9" count="4" type="stmt"/>
        <line num="13" count="0" type="stmt"/>
        <line num="20" count="1" type="stmt"/>
        <line num="31" count="0" type="stmt"/>
        <line num="34" count="0" type="stmt"/>
        <line num="37" count="0" type="stmt"/>
        <line num="40" count="0" type="stmt"/>
        <line num="46" count="0" type="stmt"/>
        <line num="49" count="0" type="stmt"/>
      </file>
    </package>
    <package name="pages.about">
      <metrics statements="2" coveredstatements="2" conditionals="0" coveredconditionals="0" methods="1" coveredmethods="1"/>
      <file name="About.jsx" path="D:\Universidad\Ingenieria de Sistemas\7 - Séptimo Semestre\Proyecto Integrador 2\Proyecto\Frontend\task-management\src\assets\pages\about\About.jsx">
        <metrics statements="2" coveredstatements="2" conditionals="0" coveredconditionals="0" methods="1" coveredmethods="1"/>
        <line num="3" count="1" type="stmt"/>
        <line num="4" count="1" type="stmt"/>
      </file>
    </package>
    <package name="pages.contact">
      <metrics statements="4" coveredstatements="2" conditionals="0" coveredconditionals="0" methods="3" coveredmethods="1"/>
      <file name="Contact.jsx" path="D:\Universidad\Ingenieria de Sistemas\7 - Séptimo Semestre\Proyecto Integrador 2\Proyecto\Frontend\task-management\src\assets\pages\contact\Contact.jsx">
        <metrics statements="4" coveredstatements="2" conditionals="0" coveredconditionals="0" methods="3" coveredmethods="1"/>
        <line num="3" count="1" type="stmt"/>
        <line num="4" count="1" type="stmt"/>
        <line num="69" count="0" type="stmt"/>
        <line num="88" count="0" type="stmt"/>
      </file>
    </package>
    <package name="pages.create-list">
      <metrics statements="27" coveredstatements="22" conditionals="10" coveredconditionals="7" methods="5" coveredmethods="4"/>
      <file name="CreateList.jsx" path="D:\Universidad\Ingenieria de Sistemas\7 - Séptimo Semestre\Proyecto Integrador 2\Proyecto\Frontend\task-management\src\assets\pages\create-list\CreateList.jsx">
        <metrics statements="27" coveredstatements="22" conditionals="10" coveredconditionals="7" methods="5" coveredmethods="4"/>
        <line num="6" count="1" type="stmt"/>
        <line num="7" count="6" type="stmt"/>
        <line num="8" count="6" type="stmt"/>
        <line num="9" count="6" type="stmt"/>
        <line num="10" count="6" type="stmt"/>
        <line num="12" count="6" type="stmt"/>
        <line num="13" count="2" type="stmt"/>
        <line num="14" count="2" type="cond" truecount="1" falsecount="1"/>
        <line num="15" count="0" type="stmt"/>
        <line num="16" count="0" type="stmt"/>
        <line num="20" count="6" type="stmt"/>
        <line num="21" count="2" type="stmt"/>
        <line num="22" count="2" type="stmt"/>
        <line num="24" count="2" type="cond" truecount="2" falsecount="0"/>
        <line num="25" count="1" type="stmt"/>
        <line num="26" count="1" type="stmt"/>
        <line num="29" count="1" type="stmt"/>
        <line num="30" count="1" type="stmt"/>
        <line num="32" count="1" type="stmt"/>
        <line num="33" count="1" type="stmt"/>
        <line num="34" count="1" type="stmt"/>
        <line num="36" count="0" type="cond" truecount="0" falsecount="2"/>
        <line num="37" count="0" type="stmt"/>
        <line num="39" count="1" type="stmt"/>
        <line num="43" count="6" type="stmt"/>
        <line num="64" count="1" type="stmt"/>
        <line num="77" count="0" type="stmt"/>
      </file>
    </package>
    <package name="pages.create-task">
      <metrics statements="58" coveredstatements="46" conditionals="32" coveredconditionals="17" methods="14" coveredmethods="10"/>
      <file name="CreateTask.jsx" path="D:\Universidad\Ingenieria de Sistemas\7 - Séptimo Semestre\Proyecto Integrador 2\Proyecto\Frontend\task-management\src\assets\pages\create-task\CreateTask.jsx">
        <metrics statements="58" coveredstatements="46" conditionals="32" coveredconditionals="17" methods="14" coveredmethods="10"/>
        <line num="7" count="1" type="stmt"/>
        <line num="8" count="7" type="stmt"/>
        <line num="9" count="7" type="stmt"/>
        <line num="10" count="7" type="stmt"/>
        <line num="11" count="7" type="stmt"/>
        <line num="12" count="7" type="stmt"/>
        <line num="13" count="7" type="stmt"/>
        <line num="14" count="7" type="stmt"/>
        <line num="16" count="1" type="cond" truecount="1" falsecount="1"/>
        <line num="18" count="7" type="stmt"/>
        <line num="19" count="7" type="stmt"/>
        <line num="20" count="7" type="stmt"/>
        <line num="23" count="7" type="stmt"/>
        <line num="24" count="1" type="stmt"/>
        <line num="25" count="1" type="cond" truecount="1" falsecount="1"/>
        <line num="26" count="0" type="stmt"/>
        <line num="27" count="0" type="stmt"/>
        <line num="31" count="1" type="stmt"/>
        <line num="32" count="1" type="stmt"/>
        <line num="33" count="1" type="stmt"/>
        <line num="34" count="1" type="cond" truecount="1" falsecount="1"/>
        <line num="36" count="0" type="stmt"/>
        <line num="40" count="1" type="stmt"/>
        <line num="44" count="7" type="stmt"/>
        <line num="45" count="1" type="stmt"/>
        <line num="46" count="1" type="cond" truecount="1" falsecount="1"/>
        <line num="47" count="0" type="stmt"/>
        <line num="48" count="1" type="cond" truecount="1" falsecount="1"/>
        <line num="49" count="0" type="stmt"/>
        <line num="51" count="1" type="cond" truecount="1" falsecount="1"/>
        <line num="52" count="1" type="stmt"/>
        <line num="53" count="1" type="stmt"/>
        <line num="54" count="1" type="stmt"/>
        <line num="55" count="1" type="cond" truecount="1" falsecount="1"/>
        <line num="56" count="0" type="stmt"/>
        <line num="59" count="1" type="stmt"/>
        <line num="60" count="1" type="stmt"/>
        <line num="64" count="7" type="stmt"/>
        <line num="65" count="1" type="stmt"/>
        <line num="66" count="1" type="cond" truecount="1" falsecount="1"/>
        <line num="68" count="1" type="stmt"/>
        <line num="69" count="1" type="stmt"/>
        <line num="70" count="1" type="stmt"/>
        <line num="72" count="1" type="stmt"/>
        <line num="73" count="1" type="cond" truecount="1" falsecount="1"/>
        <line num="79" count="1" type="stmt"/>
        <line num="81" count="0" type="stmt"/>
        <line num="82" count="0" type="stmt"/>
        <line num="84" count="1" type="stmt"/>
        <line num="88" count="7" type="stmt"/>
        <line num="96" count="0" type="stmt"/>
        <line num="109" count="1" type="stmt"/>
        <line num="124" count="1" type="stmt"/>
        <line num="135" count="1" type="stmt"/>
        <line num="147" count="0" type="stmt"/>
        <line num="151" count="6" type="stmt"/>
        <line num="163" count="0" type="stmt"/>
        <line num="187" count="0" type="stmt"/>
      </file>
    </package>
    <package name="pages.dashboard">
      <metrics statements="90" coveredstatements="51" conditionals="62" coveredconditionals="26" methods="30" coveredmethods="13"/>
      <file name="Dashboard.jsx" path="D:\Universidad\Ingenieria de Sistemas\7 - Séptimo Semestre\Proyecto Integrador 2\Proyecto\Frontend\task-management\src\assets\pages\dashboard\Dashboard.jsx">
        <metrics statements="90" coveredstatements="51" conditionals="62" coveredconditionals="26" methods="30" coveredmethods="13"/>
        <line num="15" count="1" type="stmt"/>
        <line num="16" count="5" type="stmt"/>
        <line num="17" count="5" type="stmt"/>
        <line num="18" count="5" type="stmt"/>
        <line num="19" count="5" type="stmt"/>
        <line num="20" count="5" type="stmt"/>
        <line num="21" count="5" type="stmt"/>
        <line num="22" count="5" type="stmt"/>
        <line num="23" count="5" type="stmt"/>
        <line num="24" count="5" type="cond" truecount="2" falsecount="0"/>
        <line num="28" count="5" type="stmt"/>
        <line num="34" count="5" type="stmt"/>
        <line num="35" count="15" type="stmt"/>
        <line num="36" count="9" type="cond" truecount="1" falsecount="1"/>
        <line num="38" count="15" type="stmt"/>
        <line num="41" count="5" type="stmt"/>
        <line num="42" count="2" type="stmt"/>
        <line num="43" count="2" type="stmt"/>
        <line num="44" count="2" type="stmt"/>
        <line num="45" count="2" type="cond" truecount="1" falsecount="1"/>
        <line num="46" count="2" type="stmt"/>
        <line num="48" count="0" type="stmt"/>
        <line num="52" count="5" type="stmt"/>
        <line num="53" count="1" type="stmt"/>
        <line num="54" count="1" type="stmt"/>
        <line num="55" count="1" type="stmt"/>
        <line num="56" count="1" type="cond" truecount="1" falsecount="1"/>
        <line num="57" count="1" type="stmt"/>
        <line num="60" count="0" type="stmt"/>
        <line num="64" count="5" type="stmt"/>
        <line num="65" count="2" type="stmt"/>
        <line num="66" count="2" type="cond" truecount="2" falsecount="0"/>
        <line num="67" count="1" type="stmt"/>
        <line num="68" count="1" type="stmt"/>
        <line num="70" count="1" type="stmt"/>
        <line num="73" count="5" type="stmt"/>
        <line num="74" count="0" type="stmt"/>
        <line num="77" count="5" type="stmt"/>
        <line num="78" count="0" type="stmt"/>
        <line num="81" count="5" type="stmt"/>
        <line num="82" count="0" type="stmt"/>
        <line num="85" count="5" type="stmt"/>
        <line num="86" count="0" type="stmt"/>
        <line num="87" count="0" type="stmt"/>
        <line num="89" count="0" type="stmt"/>
        <line num="90" count="0" type="cond" truecount="0" falsecount="2"/>
        <line num="91" count="0" type="stmt"/>
        <line num="92" count="0" type="stmt"/>
        <line num="93" count="0" type="cond" truecount="0" falsecount="2"/>
        <line num="94" count="0" type="stmt"/>
        <line num="95" count="0" type="stmt"/>
        <line num="97" count="0" type="stmt"/>
        <line num="99" count="0" type="stmt"/>
        <line num="103" count="5" type="stmt"/>
        <line num="104" count="0" type="stmt"/>
        <line num="105" count="0" type="stmt"/>
        <line num="107" count="0" type="cond" truecount="0" falsecount="2"/>
        <line num="108" count="0" type="stmt"/>
        <line num="109" count="0" type="stmt"/>
        <line num="112" count="0" type="stmt"/>
        <line num="113" count="0" type="cond" truecount="0" falsecount="2"/>
        <line num="114" count="0" type="stmt"/>
        <line num="115" count="0" type="stmt"/>
        <line num="117" count="0" type="stmt"/>
        <line num="119" count="0" type="stmt"/>
        <line num="123" count="5" type="stmt"/>
        <line num="124" count="0" type="stmt"/>
        <line num="127" count="5" type="stmt"/>
        <line num="128" count="1" type="stmt"/>
        <line num="129" count="1" type="stmt"/>
        <line num="130" count="1" type="stmt"/>
        <line num="131" count="1" type="cond" truecount="1" falsecount="1"/>
        <line num="133" count="0" type="stmt"/>
        <line num="137" count="5" type="stmt"/>
        <line num="161" count="6" type="cond" truecount="1" falsecount="1"/>
        <line num="162" count="6" type="cond" truecount="3" falsecount="1"/>
        <line num="163" count="6" type="stmt"/>
        <line num="168" count="1" type="stmt"/>
        <line num="176" count="0" type="stmt"/>
        <line num="187" count="0" type="stmt"/>
        <line num="245" count="0" type="stmt"/>
        <line num="257" count="0" type="stmt"/>
        <line num="283" count="3" type="stmt"/>
        <line num="296" count="1" type="stmt"/>
        <line num="317" count="0" type="stmt"/>
        <line num="343" count="0" type="stmt"/>
        <line num="357" count="0" type="stmt"/>
        <line num="374" count="0" type="stmt"/>
        <line num="421" count="0" type="stmt"/>
        <line num="436" count="0" type="stmt"/>
      </file>
    </package>
    <package name="pages.edit-profile">
      <metrics statements="31" coveredstatements="26" conditionals="18" coveredconditionals="9" methods="5" coveredmethods="5"/>
      <file name="EditProfile.jsx" path="D:\Universidad\Ingenieria de Sistemas\7 - Séptimo Semestre\Proyecto Integrador 2\Proyecto\Frontend\task-management\src\assets\pages\edit-profile\EditProfile.jsx">
        <metrics statements="31" coveredstatements="26" conditionals="18" coveredconditionals="9" methods="5" coveredmethods="5"/>
        <line num="8" count="1" type="stmt"/>
        <line num="10" count="3" type="stmt"/>
        <line num="17" count="3" type="stmt"/>
        <line num="20" count="3" type="stmt"/>
        <line num="21" count="1" type="stmt"/>
        <line num="22" count="1" type="stmt"/>
        <line num="24" count="1" type="cond" truecount="1" falsecount="1"/>
        <line num="25" count="0" type="stmt"/>
        <line num="26" count="0" type="stmt"/>
        <line num="29" count="1" type="stmt"/>
        <line num="30" count="1" type="stmt"/>
        <line num="32" count="1" type="stmt"/>
        <line num="34" count="1" type="stmt"/>
        <line num="42" count="0" type="stmt"/>
        <line num="46" count="1" type="stmt"/>
        <line num="50" count="3" type="stmt"/>
        <line num="51" count="1" type="stmt"/>
        <line num="58" count="3" type="stmt"/>
        <line num="59" count="1" type="stmt"/>
        <line num="61" count="1" type="stmt"/>
        <line num="63" count="1" type="stmt"/>
        <line num="64" count="1" type="cond" truecount="1" falsecount="1"/>
        <line num="65" count="1" type="cond" truecount="1" falsecount="1"/>
        <line num="66" count="1" type="cond" truecount="1" falsecount="1"/>
        <line num="67" count="1" type="cond" truecount="1" falsecount="1"/>
        <line num="69" count="1" type="stmt"/>
        <line num="70" count="1" type="stmt"/>
        <line num="71" count="1" type="stmt"/>
        <line num="73" count="0" type="stmt"/>
        <line num="74" count="0" type="stmt"/>
        <line num="78" count="3" type="stmt"/>
      </file>
    </package>
    <package name="pages.landing">
      <metrics statements="18" coveredstatements="13" conditionals="4" coveredconditionals="4" methods="6" coveredmethods="3"/>
      <file name="LandingPage.jsx" path="D:\Universidad\Ingenieria de Sistemas\7 - Séptimo Semestre\Proyecto Integrador 2\Proyecto\Frontend\task-management\src\assets\pages\landing\LandingPage.jsx">
        <metrics statements="18" coveredstatements="13" conditionals="4" coveredconditionals="4" methods="6" coveredmethods="3"/>
        <line num="7" count="3" type="stmt"/>
        <line num="8" count="3" type="stmt"/>
        <line num="10" count="3" type="stmt"/>
        <line num="11" count="2" type="stmt"/>
        <line num="12" count="2" type="stmt"/>
        <line num="13" count="2" type="cond" truecount="2" falsecount="0"/>
        <line num="14" count="1" type="stmt"/>
        <line num="15" count="1" type="stmt"/>
        <line num="18" count="1" type="stmt"/>
        <line num="19" count="1" type="stmt"/>
        <line num="20" count="1" type="stmt"/>
        <line num="22" count="0" type="stmt"/>
        <line num="23" count="0" type="stmt"/>
        <line num="27" count="2" type="stmt"/>
        <line num="30" count="3" type="stmt"/>
        <line num="45" count="0" type="stmt"/>
        <line num="52" count="0" type="stmt"/>
        <line num="62" count="0" type="stmt"/>
      </file>
    </package>
    <package name="pages.login">
      <metrics statements="29" coveredstatements="25" conditionals="16" coveredconditionals="11" methods="4" coveredmethods="3"/>
      <file name="Login.jsx" path="D:\Universidad\Ingenieria de Sistemas\7 - Séptimo Semestre\Proyecto Integrador 2\Proyecto\Frontend\task-management\src\assets\pages\login\Login.jsx">
        <metrics statements="29" coveredstatements="25" conditionals="16" coveredconditionals="11" methods="4" coveredmethods="3"/>
        <line num="6" count="1" type="stmt"/>
        <line num="7" count="7" type="stmt"/>
        <line num="8" count="7" type="stmt"/>
        <line num="12" count="7" type="stmt"/>
        <line num="13" count="7" type="stmt"/>
        <line num="14" count="7" type="stmt"/>
        <line num="16" count="7" type="stmt"/>
        <line num="17" count="2" type="stmt"/>
        <line num="23" count="7" type="stmt"/>
        <line num="24" count="2" type="stmt"/>
        <line num="26" count="2" type="cond" truecount="4" falsecount="0"/>
        <line num="27" count="1" type="stmt"/>
        <line num="28" count="1" type="stmt"/>
        <line num="29" count="1" type="stmt"/>
        <line num="32" count="1" type="stmt"/>
        <line num="33" count="1" type="stmt"/>
        <line num="35" count="1" type="stmt"/>
        <line num="36" count="1" type="stmt"/>
        <line num="37" count="1" type="cond" truecount="1" falsecount="1"/>
        <line num="39" count="1" type="cond" truecount="1" falsecount="1"/>
        <line num="40" count="0" type="stmt"/>
        <line num="43" count="1" type="stmt"/>
        <line num="45" count="1" type="stmt"/>
        <line num="46" count="1" type="stmt"/>
        <line num="48" count="0" type="cond" truecount="0" falsecount="2"/>
        <line num="49" count="0" type="stmt"/>
        <line num="51" count="1" type="stmt"/>
        <line num="55" count="7" type="stmt"/>
        <line num="60" count="0" type="stmt"/>
      </file>
    </package>
    <package name="pages.recover-password">
      <metrics statements="27" coveredstatements="22" conditionals="10" coveredconditionals="7" methods="5" coveredmethods="4"/>
      <file name="RecoverPassword.jsx" path="D:\Universidad\Ingenieria de Sistemas\7 - Séptimo Semestre\Proyecto Integrador 2\Proyecto\Frontend\task-management\src\assets\pages\recover-password\RecoverPassword.jsx">
        <metrics statements="27" coveredstatements="22" conditionals="10" coveredconditionals="7" methods="5" coveredmethods="4"/>
        <line num="4" count="1" type="stmt"/>
        <line num="6" count="5" type="stmt"/>
        <line num="7" count="5" type="stmt"/>
        <line num="8" count="5" type="stmt"/>
        <line num="10" count="5" type="stmt"/>
        <line num="13" count="5" type="stmt"/>
        <line num="14" count="2" type="stmt"/>
        <line num="15" count="2" type="stmt"/>
        <line num="19" count="5" type="stmt"/>
        <line num="20" count="2" type="stmt"/>
        <line num="22" count="2" type="cond" truecount="2" falsecount="0"/>
        <line num="23" count="1" type="stmt"/>
        <line num="24" count="1" type="stmt"/>
        <line num="25" count="1" type="stmt"/>
        <line num="28" count="1" type="stmt"/>
        <line num="29" count="1" type="stmt"/>
        <line num="40" count="1" type="cond" truecount="1" falsecount="1"/>
        <line num="41" count="1" type="stmt"/>
        <line num="42" count="1" type="stmt"/>
        <line num="43" count="1" type="stmt"/>
        <line num="45" count="0" type="stmt"/>
        <line num="46" count="0" type="stmt"/>
        <line num="49" count="0" type="stmt"/>
        <line num="53" count="0" type="stmt"/>
        <line num="54" count="0" type="stmt"/>
        <line num="58" count="5" type="stmt"/>
        <line num="83" count="2" type="stmt"/>
      </file>
    </package>
    <package name="pages.reset-password">
      <metrics statements="52" coveredstatements="44" conditionals="32" coveredconditionals="23" methods="8" coveredmethods="7"/>
      <file name="ResetPassword.jsx" path="D:\Universidad\Ingenieria de Sistemas\7 - Séptimo Semestre\Proyecto Integrador 2\Proyecto\Frontend\task-management\src\assets\pages\reset-password\ResetPassword.jsx">
        <metrics statements="52" coveredstatements="44" conditionals="32" coveredconditionals="23" methods="8" coveredmethods="7"/>
        <line num="5" count="1" type="stmt"/>
        <line num="6" count="8" type="stmt"/>
        <line num="7" count="8" type="stmt"/>
        <line num="9" count="8" type="stmt"/>
        <line num="10" count="8" type="stmt"/>
        <line num="12" count="8" type="stmt"/>
        <line num="13" count="8" type="stmt"/>
        <line num="14" count="8" type="stmt"/>
        <line num="16" count="8" type="stmt"/>
        <line num="19" count="8" type="stmt"/>
        <line num="22" count="8" type="stmt"/>
        <line num="23" count="1" type="cond" truecount="1" falsecount="1"/>
        <line num="24" count="0" type="stmt"/>
        <line num="25" count="0" type="stmt"/>
        <line num="30" count="8" type="stmt"/>
        <line num="31" count="2" type="stmt"/>
        <line num="32" count="2" type="cond" truecount="2" falsecount="0"/>
        <line num="33" count="2" type="cond" truecount="1" falsecount="1"/>
        <line num="34" count="2" type="cond" truecount="2" falsecount="0"/>
        <line num="35" count="2" type="cond" truecount="2" falsecount="0"/>
        <line num="36" count="2" type="cond" truecount="2" falsecount="0"/>
        <line num="37" count="2" type="stmt"/>
        <line num="41" count="8" type="stmt"/>
        <line num="42" count="2" type="stmt"/>
        <line num="44" count="2" type="cond" truecount="1" falsecount="1"/>
        <line num="46" count="2" type="stmt"/>
        <line num="48" count="2" type="cond" truecount="2" falsecount="0"/>
        <line num="49" count="1" type="stmt"/>
        <line num="50" count="1" type="stmt"/>
        <line num="51" count="1" type="stmt"/>
        <line num="54" count="1" type="cond" truecount="1" falsecount="1"/>
        <line num="55" count="0" type="stmt"/>
        <line num="56" count="0" type="stmt"/>
        <line num="57" count="0" type="stmt"/>
        <line num="60" count="1" type="stmt"/>
        <line num="61" count="1" type="stmt"/>
        <line num="63" count="1" type="stmt"/>
        <line num="77" count="1" type="stmt"/>
        <line num="79" count="1" type="cond" truecount="1" falsecount="1"/>
        <line num="80" count="0" type="stmt"/>
        <line num="85" count="1" type="stmt"/>
        <line num="86" count="1" type="stmt"/>
        <line num="88" count="1" type="stmt"/>
        <line num="89" count="1" type="stmt"/>
        <line num="93" count="0" type="cond" truecount="0" falsecount="2"/>
        <line num="94" count="0" type="stmt"/>
        <line num="96" count="1" type="stmt"/>
        <line num="100" count="8" type="stmt"/>
        <line num="125" count="2" type="stmt"/>
        <line num="126" count="2" type="stmt"/>
        <line num="136" count="2" type="stmt"/>
        <line num="137" count="2" type="stmt"/>
      </file>
    </package>
    <package name="pages.tasks">
      <metrics statements="47" coveredstatements="39" conditionals="32" coveredconditionals="20" methods="20" coveredmethods="16"/>
      <file name="Tasks.jsx" path="D:\Universidad\Ingenieria de Sistemas\7 - Séptimo Semestre\Proyecto Integrador 2\Proyecto\Frontend\task-management\src\assets\pages\tasks\Tasks.jsx">
        <metrics statements="47" coveredstatements="39" conditionals="32" coveredconditionals="20" methods="20" coveredmethods="16"/>
        <line num="6" count="1" type="stmt"/>
        <line num="7" count="4" type="stmt"/>
        <line num="8" count="4" type="stmt"/>
        <line num="9" count="4" type="stmt"/>
        <line num="10" count="4" type="stmt"/>
        <line num="11" count="4" type="stmt"/>
        <line num="13" count="4" type="stmt"/>
        <line num="20" count="4" type="stmt"/>
        <line num="23" count="4" type="stmt"/>
        <line num="24" count="1" type="stmt"/>
        <line num="25" count="1" type="stmt"/>
        <line num="27" count="1" type="cond" truecount="1" falsecount="1"/>
        <line num="28" count="0" type="stmt"/>
        <line num="29" count="0" type="stmt"/>
        <line num="32" count="1" type="stmt"/>
        <line num="33" count="1" type="stmt"/>
        <line num="35" count="1" type="stmt"/>
        <line num="36" count="1" type="cond" truecount="1" falsecount="1"/>
        <line num="38" count="0" type="stmt"/>
        <line num="40" count="1" type="stmt"/>
        <line num="44" count="1" type="stmt"/>
        <line num="48" count="4" type="cond" truecount="2" falsecount="0"/>
        <line num="50" count="4" type="stmt"/>
        <line num="53" count="4" type="stmt"/>
        <line num="55" count="6" type="stmt"/>
        <line num="56" count="6" type="stmt"/>
        <line num="57" count="6" type="stmt"/>
        <line num="60" count="4" type="stmt"/>
        <line num="61" count="1" type="stmt"/>
        <line num="64" count="4" type="stmt"/>
        <line num="65" count="1" type="stmt"/>
        <line num="66" count="1" type="stmt"/>
        <line num="67" count="1" type="stmt"/>
        <line num="68" count="2" type="stmt"/>
        <line num="69" count="1" type="stmt"/>
        <line num="71" count="0" type="stmt"/>
        <line num="75" count="4" type="stmt"/>
        <line num="76" count="0" type="stmt"/>
        <line num="79" count="4" type="stmt"/>
        <line num="88" count="0" type="stmt"/>
        <line num="123" count="16" type="stmt"/>
        <line num="126" count="1" type="stmt"/>
        <line num="150" count="0" type="stmt"/>
        <line num="158" count="4" type="cond" truecount="1" falsecount="1"/>
        <line num="181" count="0" type="cond" truecount="0" falsecount="2"/>
        <line num="187" count="1" type="stmt"/>
        <line num="201" count="1" type="stmt"/>
      </file>
    </package>
  </project>
</coverage>
