{"D:\\Universidad\\Ingenieria de Sistemas\\7 - Séptimo Semestre\\Proyecto Integrador 2\\Proyecto\\Frontend\\task-management\\src\\assets\\components\\Sidebar.jsx": {"path":"D:\\Universidad\\Ingenieria de Sistemas\\7 - Séptimo Semestre\\Proyecto Integrador 2\\Proyecto\\Frontend\\task-management\\src\\assets\\components\\Sidebar.jsx","statementMap":{"0":{"start":{"line":7,"column":16},"end":{"line":103,"column":1}},"1":{"start":{"line":8,"column":28},"end":{"line":8,"column":40}},"2":{"start":{"line":9,"column":26},"end":{"line":9,"column":40}},"3":{"start":{"line":10,"column":36},"end":{"line":10,"column":51}},"4":{"start":{"line":12,"column":19},"end":{"line":12,"column":32}},"5":{"start":{"line":15,"column":2},"end":{"line":36,"column":9}},"6":{"start":{"line":16,"column":21},"end":{"line":33,"column":5}},"7":{"start":{"line":17,"column":6},"end":{"line":32,"column":7}},"8":{"start":{"line":18,"column":22},"end":{"line":18,"column":51}},"9":{"start":{"line":19,"column":8},"end":{"line":22,"column":9}},"10":{"start":{"line":20,"column":10},"end":{"line":20,"column":29}},"11":{"start":{"line":21,"column":10},"end":{"line":21,"column":17}},"12":{"start":{"line":24,"column":25},"end":{"line":24,"column":56}},"13":{"start":{"line":25,"column":26},"end":{"line":25,"column":51}},"14":{"start":{"line":27,"column":8},"end":{"line":27,"column":26}},"15":{"start":{"line":28,"column":8},"end":{"line":28,"column":28}},"16":{"start":{"line":31,"column":8},"end":{"line":31,"column":27}},"17":{"start":{"line":35,"column":4},"end":{"line":35,"column":15}},"18":{"start":{"line":39,"column":27},"end":{"line":43,"column":3}},"19":{"start":{"line":40,"column":4},"end":{"line":40,"column":52}},"20":{"start":{"line":41,"column":4},"end":{"line":41,"column":57}},"21":{"start":{"line":42,"column":4},"end":{"line":42,"column":27}},"22":{"start":{"line":45,"column":2},"end":{"line":102,"column":4}},"23":{"start":{"line":70,"column":35},"end":{"line":70,"column":57}},"24":{"start":{"line":71,"column":35},"end":{"line":71,"column":57}},"25":{"start":{"line":72,"column":35},"end":{"line":72,"column":57}},"26":{"start":{"line":76,"column":29},"end":{"line":76,"column":53}},"27":{"start":{"line":86,"column":14},"end":{"line":90,"column":19}},"28":{"start":{"line":87,"column":39},"end":{"line":87,"column":61}},"29":{"start":{"line":97,"column":29},"end":{"line":97,"column":53}}},"fnMap":{"0":{"name":"(anonymous_0)","decl":{"start":{"line":7,"column":16},"end":{"line":7,"column":17}},"loc":{"start":{"line":7,"column":22},"end":{"line":103,"column":1}},"line":7},"1":{"name":"(anonymous_1)","decl":{"start":{"line":15,"column":12},"end":{"line":15,"column":13}},"loc":{"start":{"line":15,"column":18},"end":{"line":36,"column":3}},"line":15},"2":{"name":"(anonymous_2)","decl":{"start":{"line":16,"column":21},"end":{"line":16,"column":22}},"loc":{"start":{"line":16,"column":33},"end":{"line":33,"column":5}},"line":16},"3":{"name":"(anonymous_3)","decl":{"start":{"line":39,"column":27},"end":{"line":39,"column":28}},"loc":{"start":{"line":39,"column":37},"end":{"line":43,"column":3}},"line":39},"4":{"name":"(anonymous_4)","decl":{"start":{"line":70,"column":29},"end":{"line":70,"column":30}},"loc":{"start":{"line":70,"column":35},"end":{"line":70,"column":57}},"line":70},"5":{"name":"(anonymous_5)","decl":{"start":{"line":71,"column":29},"end":{"line":71,"column":30}},"loc":{"start":{"line":71,"column":35},"end":{"line":71,"column":57}},"line":71},"6":{"name":"(anonymous_6)","decl":{"start":{"line":72,"column":29},"end":{"line":72,"column":30}},"loc":{"start":{"line":72,"column":35},"end":{"line":72,"column":57}},"line":72},"7":{"name":"(anonymous_7)","decl":{"start":{"line":76,"column":23},"end":{"line":76,"column":24}},"loc":{"start":{"line":76,"column":29},"end":{"line":76,"column":53}},"line":76},"8":{"name":"(anonymous_8)","decl":{"start":{"line":85,"column":22},"end":{"line":85,"column":23}},"loc":{"start":{"line":86,"column":14},"end":{"line":90,"column":19}},"line":86},"9":{"name":"(anonymous_9)","decl":{"start":{"line":87,"column":33},"end":{"line":87,"column":34}},"loc":{"start":{"line":87,"column":39},"end":{"line":87,"column":61}},"line":87},"10":{"name":"(anonymous_10)","decl":{"start":{"line":97,"column":23},"end":{"line":97,"column":24}},"loc":{"start":{"line":97,"column":29},"end":{"line":97,"column":53}},"line":97}},"branchMap":{"0":{"loc":{"start":{"line":19,"column":8},"end":{"line":22,"column":9}},"type":"if","locations":[{"start":{"line":19,"column":8},"end":{"line":22,"column":9}},{"start":{},"end":{}}],"line":19},"1":{"loc":{"start":{"line":52,"column":16},"end":{"line":52,"column":67}},"type":"cond-expr","locations":[{"start":{"line":52,"column":23},"end":{"line":52,"column":59}},{"start":{"line":52,"column":62},"end":{"line":52,"column":67}}],"line":52},"2":{"loc":{"start":{"line":80,"column":7},"end":{"line":94,"column":7}},"type":"binary-expr","locations":[{"start":{"line":80,"column":7},"end":{"line":80,"column":16}},{"start":{"line":81,"column":8},"end":{"line":93,"column":13}}],"line":80},"3":{"loc":{"start":{"line":82,"column":11},"end":{"line":92,"column":11}},"type":"cond-expr","locations":[{"start":{"line":83,"column":12},"end":{"line":83,"column":34}},{"start":{"line":85,"column":12},"end":{"line":91,"column":14}}],"line":82}},"s":{"0":1,"1":3,"2":3,"3":3,"4":3,"5":3,"6":1,"7":1,"8":1,"9":1,"10":0,"11":0,"12":1,"13":1,"14":1,"15":1,"16":0,"17":1,"18":3,"19":1,"20":1,"21":1,"22":3,"23":0,"24":0,"25":0,"26":1,"27":2,"28":1,"29":0},"f":{"0":3,"1":1,"2":1,"3":1,"4":0,"5":0,"6":0,"7":1,"8":2,"9":1,"10":0},"b":{"0":[0,1],"1":[2,1],"2":[3,1],"3":[0,1]},"_coverageSchema":"1a1c01bbd47fc00a2c39e90264f33305004495a9","hash":"670c50e1f47ef1d59e30816d94818fa10bf528f5"}
,"D:\\Universidad\\Ingenieria de Sistemas\\7 - Séptimo Semestre\\Proyecto Integrador 2\\Proyecto\\Frontend\\task-management\\src\\assets\\layout\\Layout.jsx": {"path":"D:\\Universidad\\Ingenieria de Sistemas\\7 - Séptimo Semestre\\Proyecto Integrador 2\\Proyecto\\Frontend\\task-management\\src\\assets\\layout\\Layout.jsx","statementMap":{"0":{"start":{"line":7,"column":15},"end":{"line":23,"column":1}},"1":{"start":{"line":8,"column":2},"end":{"line":14,"column":9}},"2":{"start":{"line":9,"column":4},"end":{"line":9,"column":53}},"3":{"start":{"line":11,"column":4},"end":{"line":13,"column":6}},"4":{"start":{"line":12,"column":6},"end":{"line":12,"column":58}},"5":{"start":{"line":16,"column":2},"end":{"line":22,"column":4}}},"fnMap":{"0":{"name":"(anonymous_0)","decl":{"start":{"line":7,"column":15},"end":{"line":7,"column":16}},"loc":{"start":{"line":7,"column":33},"end":{"line":23,"column":1}},"line":7},"1":{"name":"(anonymous_1)","decl":{"start":{"line":8,"column":12},"end":{"line":8,"column":13}},"loc":{"start":{"line":8,"column":18},"end":{"line":14,"column":3}},"line":8},"2":{"name":"(anonymous_2)","decl":{"start":{"line":11,"column":11},"end":{"line":11,"column":12}},"loc":{"start":{"line":11,"column":17},"end":{"line":13,"column":5}},"line":11}},"branchMap":{},"s":{"0":1,"1":1,"2":1,"3":1,"4":1,"5":1},"f":{"0":1,"1":1,"2":1},"b":{},"_coverageSchema":"1a1c01bbd47fc00a2c39e90264f33305004495a9","hash":"8cd88d8c8b1bdf8568ca0f392567b555b8e6d1a2"}
,"D:\\Universidad\\Ingenieria de Sistemas\\7 - Séptimo Semestre\\Proyecto Integrador 2\\Proyecto\\Frontend\\task-management\\src\\assets\\layout\\footer\\Footer.jsx": {"path":"D:\\Universidad\\Ingenieria de Sistemas\\7 - Séptimo Semestre\\Proyecto Integrador 2\\Proyecto\\Frontend\\task-management\\src\\assets\\layout\\footer\\Footer.jsx","statementMap":{"0":{"start":{"line":4,"column":15},"end":{"line":54,"column":1}},"1":{"start":{"line":5,"column":22},"end":{"line":5,"column":46}},"2":{"start":{"line":7,"column":2},"end":{"line":53,"column":4}}},"fnMap":{"0":{"name":"(anonymous_0)","decl":{"start":{"line":4,"column":15},"end":{"line":4,"column":16}},"loc":{"start":{"line":4,"column":21},"end":{"line":54,"column":1}},"line":4}},"branchMap":{},"s":{"0":1,"1":2,"2":2},"f":{"0":2},"b":{},"_coverageSchema":"1a1c01bbd47fc00a2c39e90264f33305004495a9","hash":"f46770d92a417895c468e3221a3b95b998a7d607"}
,"D:\\Universidad\\Ingenieria de Sistemas\\7 - Séptimo Semestre\\Proyecto Integrador 2\\Proyecto\\Frontend\\task-management\\src\\assets\\layout\\header\\Header.jsx": {"path":"D:\\Universidad\\Ingenieria de Sistemas\\7 - Séptimo Semestre\\Proyecto Integrador 2\\Proyecto\\Frontend\\task-management\\src\\assets\\layout\\header\\Header.jsx","statementMap":{"0":{"start":{"line":6,"column":16},"end":{"line":6,"column":45}},"1":{"start":{"line":7,"column":34},"end":{"line":7,"column":49}},"2":{"start":{"line":9,"column":2},"end":{"line":56,"column":3}},"3":{"start":{"line":13,"column":60},"end":{"line":13,"column":78}},"4":{"start":{"line":20,"column":25},"end":{"line":20,"column":47}},"5":{"start":{"line":31,"column":70},"end":{"line":31,"column":88}},"6":{"start":{"line":34,"column":66},"end":{"line":34,"column":84}},"7":{"start":{"line":37,"column":73},"end":{"line":37,"column":91}},"8":{"start":{"line":40,"column":78},"end":{"line":40,"column":96}},"9":{"start":{"line":46,"column":66},"end":{"line":46,"column":84}},"10":{"start":{"line":49,"column":78},"end":{"line":49,"column":96}}},"fnMap":{"0":{"name":"Navbar","decl":{"start":{"line":5,"column":9},"end":{"line":5,"column":15}},"loc":{"start":{"line":5,"column":18},"end":{"line":57,"column":1}},"line":5},"1":{"name":"(anonymous_1)","decl":{"start":{"line":13,"column":54},"end":{"line":13,"column":55}},"loc":{"start":{"line":13,"column":60},"end":{"line":13,"column":78}},"line":13},"2":{"name":"(anonymous_2)","decl":{"start":{"line":20,"column":19},"end":{"line":20,"column":20}},"loc":{"start":{"line":20,"column":25},"end":{"line":20,"column":47}},"line":20},"3":{"name":"(anonymous_3)","decl":{"start":{"line":31,"column":64},"end":{"line":31,"column":65}},"loc":{"start":{"line":31,"column":70},"end":{"line":31,"column":88}},"line":31},"4":{"name":"(anonymous_4)","decl":{"start":{"line":34,"column":60},"end":{"line":34,"column":61}},"loc":{"start":{"line":34,"column":66},"end":{"line":34,"column":84}},"line":34},"5":{"name":"(anonymous_5)","decl":{"start":{"line":37,"column":67},"end":{"line":37,"column":68}},"loc":{"start":{"line":37,"column":73},"end":{"line":37,"column":91}},"line":37},"6":{"name":"(anonymous_6)","decl":{"start":{"line":40,"column":72},"end":{"line":40,"column":73}},"loc":{"start":{"line":40,"column":78},"end":{"line":40,"column":96}},"line":40},"7":{"name":"(anonymous_7)","decl":{"start":{"line":46,"column":60},"end":{"line":46,"column":61}},"loc":{"start":{"line":46,"column":66},"end":{"line":46,"column":84}},"line":46},"8":{"name":"(anonymous_8)","decl":{"start":{"line":49,"column":72},"end":{"line":49,"column":73}},"loc":{"start":{"line":49,"column":78},"end":{"line":49,"column":96}},"line":49}},"branchMap":{"0":{"loc":{"start":{"line":29,"column":9},"end":{"line":53,"column":9}},"type":"cond-expr","locations":[{"start":{"line":30,"column":10},"end":{"line":43,"column":16}},{"start":{"line":45,"column":10},"end":{"line":52,"column":16}}],"line":29},"1":{"loc":{"start":{"line":30,"column":54},"end":{"line":30,"column":76}},"type":"cond-expr","locations":[{"start":{"line":30,"column":65},"end":{"line":30,"column":71}},{"start":{"line":30,"column":74},"end":{"line":30,"column":76}}],"line":30},"2":{"loc":{"start":{"line":45,"column":56},"end":{"line":45,"column":78}},"type":"cond-expr","locations":[{"start":{"line":45,"column":67},"end":{"line":45,"column":73}},{"start":{"line":45,"column":76},"end":{"line":45,"column":78}}],"line":45}},"s":{"0":4,"1":4,"2":4,"3":0,"4":1,"5":0,"6":0,"7":0,"8":0,"9":0,"10":0},"f":{"0":4,"1":0,"2":1,"3":0,"4":0,"5":0,"6":0,"7":0,"8":0},"b":{"0":[1,3],"1":[0,1],"2":[1,2]},"_coverageSchema":"1a1c01bbd47fc00a2c39e90264f33305004495a9","hash":"9f0dff64e63c8f1933a7ad71ec70770144a20313"}
,"D:\\Universidad\\Ingenieria de Sistemas\\7 - Séptimo Semestre\\Proyecto Integrador 2\\Proyecto\\Frontend\\task-management\\src\\assets\\pages\\about\\About.jsx": {"path":"D:\\Universidad\\Ingenieria de Sistemas\\7 - Séptimo Semestre\\Proyecto Integrador 2\\Proyecto\\Frontend\\task-management\\src\\assets\\pages\\about\\About.jsx","statementMap":{"0":{"start":{"line":3,"column":14},"end":{"line":58,"column":1}},"1":{"start":{"line":4,"column":2},"end":{"line":57,"column":4}}},"fnMap":{"0":{"name":"(anonymous_0)","decl":{"start":{"line":3,"column":14},"end":{"line":3,"column":15}},"loc":{"start":{"line":3,"column":20},"end":{"line":58,"column":1}},"line":3}},"branchMap":{},"s":{"0":1,"1":1},"f":{"0":1},"b":{},"_coverageSchema":"1a1c01bbd47fc00a2c39e90264f33305004495a9","hash":"693cbb8ac14682ceec1db3fca6abd2fa5fb507ea"}
,"D:\\Universidad\\Ingenieria de Sistemas\\7 - Séptimo Semestre\\Proyecto Integrador 2\\Proyecto\\Frontend\\task-management\\src\\assets\\pages\\contact\\Contact.jsx": {"path":"D:\\Universidad\\Ingenieria de Sistemas\\7 - Séptimo Semestre\\Proyecto Integrador 2\\Proyecto\\Frontend\\task-management\\src\\assets\\pages\\contact\\Contact.jsx","statementMap":{"0":{"start":{"line":3,"column":16},"end":{"line":132,"column":1}},"1":{"start":{"line":4,"column":2},"end":{"line":131,"column":4}},"2":{"start":{"line":69,"column":31},"end":{"line":69,"column":57}},"3":{"start":{"line":88,"column":27},"end":{"line":88,"column":48}}},"fnMap":{"0":{"name":"(anonymous_0)","decl":{"start":{"line":3,"column":16},"end":{"line":3,"column":17}},"loc":{"start":{"line":3,"column":22},"end":{"line":132,"column":1}},"line":3},"1":{"name":"(anonymous_1)","decl":{"start":{"line":69,"column":25},"end":{"line":69,"column":26}},"loc":{"start":{"line":69,"column":31},"end":{"line":69,"column":57}},"line":69},"2":{"name":"(anonymous_2)","decl":{"start":{"line":88,"column":21},"end":{"line":88,"column":22}},"loc":{"start":{"line":88,"column":27},"end":{"line":88,"column":48}},"line":88}},"branchMap":{},"s":{"0":1,"1":1,"2":0,"3":0},"f":{"0":1,"1":0,"2":0},"b":{},"_coverageSchema":"1a1c01bbd47fc00a2c39e90264f33305004495a9","hash":"de5b9e08418711b6d371566ee8e2575fcd4fff7d"}
,"D:\\Universidad\\Ingenieria de Sistemas\\7 - Séptimo Semestre\\Proyecto Integrador 2\\Proyecto\\Frontend\\task-management\\src\\assets\\pages\\create-list\\CreateList.jsx": {"path":"D:\\Universidad\\Ingenieria de Sistemas\\7 - Séptimo Semestre\\Proyecto Integrador 2\\Proyecto\\Frontend\\task-management\\src\\assets\\pages\\create-list\\CreateList.jsx","statementMap":{"0":{"start":{"line":6,"column":19},"end":{"line":94,"column":1}},"1":{"start":{"line":7,"column":19},"end":{"line":7,"column":32}},"2":{"start":{"line":8,"column":28},"end":{"line":8,"column":40}},"3":{"start":{"line":9,"column":32},"end":{"line":9,"column":47}},"4":{"start":{"line":10,"column":28},"end":{"line":10,"column":40}},"5":{"start":{"line":12,"column":2},"end":{"line":18,"column":17}},"6":{"start":{"line":13,"column":18},"end":{"line":13,"column":47}},"7":{"start":{"line":14,"column":4},"end":{"line":17,"column":5}},"8":{"start":{"line":15,"column":6},"end":{"line":15,"column":44}},"9":{"start":{"line":16,"column":6},"end":{"line":16,"column":13}},"10":{"start":{"line":20,"column":23},"end":{"line":41,"column":3}},"11":{"start":{"line":21,"column":4},"end":{"line":21,"column":23}},"12":{"start":{"line":22,"column":4},"end":{"line":22,"column":17}},"13":{"start":{"line":24,"column":4},"end":{"line":27,"column":5}},"14":{"start":{"line":25,"column":6},"end":{"line":25,"column":49}},"15":{"start":{"line":26,"column":6},"end":{"line":26,"column":13}},"16":{"start":{"line":29,"column":18},"end":{"line":29,"column":47}},"17":{"start":{"line":30,"column":4},"end":{"line":30,"column":21}},"18":{"start":{"line":32,"column":4},"end":{"line":40,"column":5}},"19":{"start":{"line":33,"column":6},"end":{"line":33,"column":37}},"20":{"start":{"line":34,"column":6},"end":{"line":34,"column":29}},"21":{"start":{"line":36,"column":6},"end":{"line":36,"column":53}},"22":{"start":{"line":37,"column":6},"end":{"line":37,"column":25}},"23":{"start":{"line":39,"column":6},"end":{"line":39,"column":24}},"24":{"start":{"line":43,"column":2},"end":{"line":93,"column":4}},"25":{"start":{"line":64,"column":31},"end":{"line":64,"column":55}},"26":{"start":{"line":77,"column":29},"end":{"line":77,"column":51}}},"fnMap":{"0":{"name":"(anonymous_0)","decl":{"start":{"line":6,"column":19},"end":{"line":6,"column":20}},"loc":{"start":{"line":6,"column":25},"end":{"line":94,"column":1}},"line":6},"1":{"name":"(anonymous_1)","decl":{"start":{"line":12,"column":12},"end":{"line":12,"column":13}},"loc":{"start":{"line":12,"column":18},"end":{"line":18,"column":3}},"line":12},"2":{"name":"(anonymous_2)","decl":{"start":{"line":20,"column":23},"end":{"line":20,"column":24}},"loc":{"start":{"line":20,"column":36},"end":{"line":41,"column":3}},"line":20},"3":{"name":"(anonymous_3)","decl":{"start":{"line":64,"column":24},"end":{"line":64,"column":25}},"loc":{"start":{"line":64,"column":31},"end":{"line":64,"column":55}},"line":64},"4":{"name":"(anonymous_4)","decl":{"start":{"line":77,"column":23},"end":{"line":77,"column":24}},"loc":{"start":{"line":77,"column":29},"end":{"line":77,"column":51}},"line":77}},"branchMap":{"0":{"loc":{"start":{"line":14,"column":4},"end":{"line":17,"column":5}},"type":"if","locations":[{"start":{"line":14,"column":4},"end":{"line":17,"column":5}},{"start":{},"end":{}}],"line":14},"1":{"loc":{"start":{"line":24,"column":4},"end":{"line":27,"column":5}},"type":"if","locations":[{"start":{"line":24,"column":4},"end":{"line":27,"column":5}},{"start":{},"end":{}}],"line":24},"2":{"loc":{"start":{"line":36,"column":15},"end":{"line":36,"column":51}},"type":"binary-expr","locations":[{"start":{"line":36,"column":15},"end":{"line":36,"column":26}},{"start":{"line":36,"column":30},"end":{"line":36,"column":51}}],"line":36},"3":{"loc":{"start":{"line":71,"column":11},"end":{"line":71,"column":64}},"type":"binary-expr","locations":[{"start":{"line":71,"column":11},"end":{"line":71,"column":16}},{"start":{"line":71,"column":20},"end":{"line":71,"column":64}}],"line":71},"4":{"loc":{"start":{"line":87,"column":15},"end":{"line":87,"column":53}},"type":"cond-expr","locations":[{"start":{"line":87,"column":25},"end":{"line":87,"column":37}},{"start":{"line":87,"column":40},"end":{"line":87,"column":53}}],"line":87}},"s":{"0":1,"1":6,"2":6,"3":6,"4":6,"5":6,"6":2,"7":2,"8":0,"9":0,"10":6,"11":2,"12":2,"13":2,"14":1,"15":1,"16":1,"17":1,"18":1,"19":1,"20":1,"21":0,"22":0,"23":1,"24":6,"25":1,"26":0},"f":{"0":6,"1":2,"2":2,"3":1,"4":0},"b":{"0":[0,2],"1":[1,1],"2":[0,0],"3":[6,1],"4":[1,5]},"_coverageSchema":"1a1c01bbd47fc00a2c39e90264f33305004495a9","hash":"f47322afa168ebca3d1421ff2a5ef6eb322bd5ba"}
,"D:\\Universidad\\Ingenieria de Sistemas\\7 - Séptimo Semestre\\Proyecto Integrador 2\\Proyecto\\Frontend\\task-management\\src\\assets\\pages\\create-task\\CreateTask.jsx": {"path":"D:\\Universidad\\Ingenieria de Sistemas\\7 - Séptimo Semestre\\Proyecto Integrador 2\\Proyecto\\Frontend\\task-management\\src\\assets\\pages\\create-task\\CreateTask.jsx","statementMap":{"0":{"start":{"line":7,"column":19},"end":{"line":197,"column":1}},"1":{"start":{"line":8,"column":19},"end":{"line":8,"column":32}},"2":{"start":{"line":9,"column":25},"end":{"line":9,"column":42}},"3":{"start":{"line":10,"column":28},"end":{"line":10,"column":40}},"4":{"start":{"line":11,"column":40},"end":{"line":11,"column":52}},"5":{"start":{"line":12,"column":32},"end":{"line":12,"column":44}},"6":{"start":{"line":13,"column":30},"end":{"line":13,"column":51}},"7":{"start":{"line":14,"column":30},"end":{"line":17,"column":4}},"8":{"start":{"line":16,"column":4},"end":{"line":16,"column":44}},"9":{"start":{"line":18,"column":28},"end":{"line":18,"column":40}},"10":{"start":{"line":19,"column":32},"end":{"line":19,"column":47}},"11":{"start":{"line":20,"column":30},"end":{"line":20,"column":42}},"12":{"start":{"line":23,"column":2},"end":{"line":41,"column":17}},"13":{"start":{"line":24,"column":18},"end":{"line":24,"column":47}},"14":{"start":{"line":25,"column":4},"end":{"line":28,"column":5}},"15":{"start":{"line":26,"column":6},"end":{"line":26,"column":25}},"16":{"start":{"line":27,"column":6},"end":{"line":27,"column":13}},"17":{"start":{"line":31,"column":22},"end":{"line":38,"column":5}},"18":{"start":{"line":32,"column":6},"end":{"line":37,"column":7}},"19":{"start":{"line":33,"column":26},"end":{"line":33,"column":51}},"20":{"start":{"line":34,"column":8},"end":{"line":34,"column":34}},"21":{"start":{"line":36,"column":8},"end":{"line":36,"column":53}},"22":{"start":{"line":40,"column":4},"end":{"line":40,"column":16}},"23":{"start":{"line":44,"column":23},"end":{"line":61,"column":3}},"24":{"start":{"line":45,"column":22},"end":{"line":45,"column":24}},"25":{"start":{"line":46,"column":4},"end":{"line":50,"column":5}},"26":{"start":{"line":47,"column":6},"end":{"line":47,"column":52}},"27":{"start":{"line":48,"column":11},"end":{"line":50,"column":5}},"28":{"start":{"line":49,"column":6},"end":{"line":49,"column":69}},"29":{"start":{"line":51,"column":4},"end":{"line":58,"column":5}},"30":{"start":{"line":52,"column":27},"end":{"line":52,"column":44}},"31":{"start":{"line":53,"column":20},"end":{"line":53,"column":30}},"32":{"start":{"line":54,"column":6},"end":{"line":54,"column":33}},"33":{"start":{"line":55,"column":6},"end":{"line":57,"column":7}},"34":{"start":{"line":56,"column":8},"end":{"line":56,"column":73}},"35":{"start":{"line":59,"column":4},"end":{"line":59,"column":25}},"36":{"start":{"line":60,"column":4},"end":{"line":60,"column":47}},"37":{"start":{"line":64,"column":23},"end":{"line":86,"column":3}},"38":{"start":{"line":65,"column":4},"end":{"line":65,"column":23}},"39":{"start":{"line":66,"column":4},"end":{"line":66,"column":32}},"40":{"start":{"line":66,"column":25},"end":{"line":66,"column":32}},"41":{"start":{"line":68,"column":18},"end":{"line":68,"column":47}},"42":{"start":{"line":69,"column":4},"end":{"line":69,"column":21}},"43":{"start":{"line":70,"column":4},"end":{"line":70,"column":18}},"44":{"start":{"line":72,"column":4},"end":{"line":85,"column":5}},"45":{"start":{"line":73,"column":6},"end":{"line":78,"column":9}},"46":{"start":{"line":79,"column":6},"end":{"line":79,"column":25}},"47":{"start":{"line":81,"column":6},"end":{"line":81,"column":75}},"48":{"start":{"line":82,"column":6},"end":{"line":82,"column":25}},"49":{"start":{"line":84,"column":6},"end":{"line":84,"column":24}},"50":{"start":{"line":88,"column":2},"end":{"line":196,"column":4}},"51":{"start":{"line":96,"column":27},"end":{"line":96,"column":45}},"52":{"start":{"line":109,"column":31},"end":{"line":109,"column":55}},"53":{"start":{"line":124,"column":31},"end":{"line":124,"column":61}},"54":{"start":{"line":135,"column":31},"end":{"line":135,"column":57}},"55":{"start":{"line":147,"column":31},"end":{"line":147,"column":56}},"56":{"start":{"line":151,"column":16},"end":{"line":153,"column":25}},"57":{"start":{"line":163,"column":31},"end":{"line":163,"column":56}},"58":{"start":{"line":187,"column":29},"end":{"line":187,"column":47}}},"fnMap":{"0":{"name":"(anonymous_0)","decl":{"start":{"line":7,"column":19},"end":{"line":7,"column":20}},"loc":{"start":{"line":7,"column":25},"end":{"line":197,"column":1}},"line":7},"1":{"name":"(anonymous_1)","decl":{"start":{"line":14,"column":39},"end":{"line":14,"column":40}},"loc":{"start":{"line":14,"column":45},"end":{"line":17,"column":3}},"line":14},"2":{"name":"(anonymous_2)","decl":{"start":{"line":23,"column":12},"end":{"line":23,"column":13}},"loc":{"start":{"line":23,"column":18},"end":{"line":41,"column":3}},"line":23},"3":{"name":"(anonymous_3)","decl":{"start":{"line":31,"column":22},"end":{"line":31,"column":23}},"loc":{"start":{"line":31,"column":34},"end":{"line":38,"column":5}},"line":31},"4":{"name":"(anonymous_4)","decl":{"start":{"line":44,"column":23},"end":{"line":44,"column":24}},"loc":{"start":{"line":44,"column":29},"end":{"line":61,"column":3}},"line":44},"5":{"name":"(anonymous_5)","decl":{"start":{"line":64,"column":23},"end":{"line":64,"column":24}},"loc":{"start":{"line":64,"column":36},"end":{"line":86,"column":3}},"line":64},"6":{"name":"(anonymous_6)","decl":{"start":{"line":96,"column":21},"end":{"line":96,"column":22}},"loc":{"start":{"line":96,"column":27},"end":{"line":96,"column":45}},"line":96},"7":{"name":"(anonymous_7)","decl":{"start":{"line":109,"column":24},"end":{"line":109,"column":25}},"loc":{"start":{"line":109,"column":31},"end":{"line":109,"column":55}},"line":109},"8":{"name":"(anonymous_8)","decl":{"start":{"line":124,"column":24},"end":{"line":124,"column":25}},"loc":{"start":{"line":124,"column":31},"end":{"line":124,"column":61}},"line":124},"9":{"name":"(anonymous_9)","decl":{"start":{"line":135,"column":24},"end":{"line":135,"column":25}},"loc":{"start":{"line":135,"column":31},"end":{"line":135,"column":57}},"line":135},"10":{"name":"(anonymous_10)","decl":{"start":{"line":147,"column":24},"end":{"line":147,"column":25}},"loc":{"start":{"line":147,"column":31},"end":{"line":147,"column":56}},"line":147},"11":{"name":"(anonymous_11)","decl":{"start":{"line":150,"column":25},"end":{"line":150,"column":26}},"loc":{"start":{"line":151,"column":16},"end":{"line":153,"column":25}},"line":151},"12":{"name":"(anonymous_12)","decl":{"start":{"line":163,"column":24},"end":{"line":163,"column":25}},"loc":{"start":{"line":163,"column":31},"end":{"line":163,"column":56}},"line":163},"13":{"name":"(anonymous_13)","decl":{"start":{"line":187,"column":23},"end":{"line":187,"column":24}},"loc":{"start":{"line":187,"column":29},"end":{"line":187,"column":47}},"line":187}},"branchMap":{"0":{"loc":{"start":{"line":16,"column":11},"end":{"line":16,"column":43}},"type":"binary-expr","locations":[{"start":{"line":16,"column":11},"end":{"line":16,"column":37}},{"start":{"line":16,"column":41},"end":{"line":16,"column":43}}],"line":16},"1":{"loc":{"start":{"line":25,"column":4},"end":{"line":28,"column":5}},"type":"if","locations":[{"start":{"line":25,"column":4},"end":{"line":28,"column":5}},{"start":{},"end":{}}],"line":25},"2":{"loc":{"start":{"line":34,"column":17},"end":{"line":34,"column":32}},"type":"binary-expr","locations":[{"start":{"line":34,"column":17},"end":{"line":34,"column":26}},{"start":{"line":34,"column":30},"end":{"line":34,"column":32}}],"line":34},"3":{"loc":{"start":{"line":46,"column":4},"end":{"line":50,"column":5}},"type":"if","locations":[{"start":{"line":46,"column":4},"end":{"line":50,"column":5}},{"start":{"line":48,"column":11},"end":{"line":50,"column":5}}],"line":46},"4":{"loc":{"start":{"line":48,"column":11},"end":{"line":50,"column":5}},"type":"if","locations":[{"start":{"line":48,"column":11},"end":{"line":50,"column":5}},{"start":{},"end":{}}],"line":48},"5":{"loc":{"start":{"line":51,"column":4},"end":{"line":58,"column":5}},"type":"if","locations":[{"start":{"line":51,"column":4},"end":{"line":58,"column":5}},{"start":{},"end":{}}],"line":51},"6":{"loc":{"start":{"line":55,"column":6},"end":{"line":57,"column":7}},"type":"if","locations":[{"start":{"line":55,"column":6},"end":{"line":57,"column":7}},{"start":{},"end":{}}],"line":55},"7":{"loc":{"start":{"line":66,"column":4},"end":{"line":66,"column":32}},"type":"if","locations":[{"start":{"line":66,"column":4},"end":{"line":66,"column":32}},{"start":{},"end":{}}],"line":66},"8":{"loc":{"start":{"line":73,"column":30},"end":{"line":73,"column":44}},"type":"binary-expr","locations":[{"start":{"line":73,"column":30},"end":{"line":73,"column":36}},{"start":{"line":73,"column":40},"end":{"line":73,"column":44}}],"line":73},"9":{"loc":{"start":{"line":76,"column":17},"end":{"line":76,"column":32}},"type":"binary-expr","locations":[{"start":{"line":76,"column":17},"end":{"line":76,"column":24}},{"start":{"line":76,"column":28},"end":{"line":76,"column":32}}],"line":76},"10":{"loc":{"start":{"line":112,"column":25},"end":{"line":112,"column":58}},"type":"cond-expr","locations":[{"start":{"line":112,"column":40},"end":{"line":112,"column":53}},{"start":{"line":112,"column":56},"end":{"line":112,"column":58}}],"line":112},"11":{"loc":{"start":{"line":115,"column":13},"end":{"line":115,"column":82}},"type":"binary-expr","locations":[{"start":{"line":115,"column":13},"end":{"line":115,"column":25}},{"start":{"line":115,"column":29},"end":{"line":115,"column":82}}],"line":115},"12":{"loc":{"start":{"line":137,"column":25},"end":{"line":137,"column":60}},"type":"cond-expr","locations":[{"start":{"line":137,"column":42},"end":{"line":137,"column":55}},{"start":{"line":137,"column":58},"end":{"line":137,"column":60}}],"line":137},"13":{"loc":{"start":{"line":139,"column":13},"end":{"line":139,"column":86}},"type":"binary-expr","locations":[{"start":{"line":139,"column":13},"end":{"line":139,"column":27}},{"start":{"line":139,"column":31},"end":{"line":139,"column":86}}],"line":139},"14":{"loc":{"start":{"line":171,"column":11},"end":{"line":175,"column":11}},"type":"binary-expr","locations":[{"start":{"line":171,"column":11},"end":{"line":171,"column":24}},{"start":{"line":172,"column":12},"end":{"line":174,"column":18}}],"line":171},"15":{"loc":{"start":{"line":183,"column":15},"end":{"line":183,"column":53}},"type":"cond-expr","locations":[{"start":{"line":183,"column":25},"end":{"line":183,"column":37}},{"start":{"line":183,"column":40},"end":{"line":183,"column":53}}],"line":183}},"s":{"0":1,"1":7,"2":7,"3":7,"4":7,"5":7,"6":7,"7":7,"8":1,"9":7,"10":7,"11":7,"12":7,"13":1,"14":1,"15":0,"16":0,"17":1,"18":1,"19":1,"20":1,"21":0,"22":1,"23":7,"24":1,"25":1,"26":0,"27":1,"28":0,"29":1,"30":1,"31":1,"32":1,"33":1,"34":0,"35":1,"36":1,"37":7,"38":1,"39":1,"40":0,"41":1,"42":1,"43":1,"44":1,"45":1,"46":1,"47":0,"48":0,"49":1,"50":7,"51":0,"52":1,"53":1,"54":1,"55":0,"56":6,"57":0,"58":0},"f":{"0":7,"1":1,"2":1,"3":1,"4":1,"5":1,"6":0,"7":1,"8":1,"9":1,"10":0,"11":6,"12":0,"13":0},"b":{"0":[1,0],"1":[0,1],"2":[1,0],"3":[0,1],"4":[0,1],"5":[1,0],"6":[0,1],"7":[0,1],"8":[1,0],"9":[1,0],"10":[0,7],"11":[7,0],"12":[0,7],"13":[7,0],"14":[7,0],"15":[1,6]},"_coverageSchema":"1a1c01bbd47fc00a2c39e90264f33305004495a9","hash":"d043620cbb56234bacf7a77d3e12d5287f114b87"}
,"D:\\Universidad\\Ingenieria de Sistemas\\7 - Séptimo Semestre\\Proyecto Integrador 2\\Proyecto\\Frontend\\task-management\\src\\assets\\pages\\dashboard\\Dashboard.jsx": {"path":"D:\\Universidad\\Ingenieria de Sistemas\\7 - Séptimo Semestre\\Proyecto Integrador 2\\Proyecto\\Frontend\\task-management\\src\\assets\\pages\\dashboard\\Dashboard.jsx","statementMap":{"0":{"start":{"line":15,"column":18},"end":{"line":494,"column":1}},"1":{"start":{"line":16,"column":19},"end":{"line":16,"column":32}},"2":{"start":{"line":17,"column":28},"end":{"line":17,"column":40}},"3":{"start":{"line":18,"column":28},"end":{"line":18,"column":40}},"4":{"start":{"line":19,"column":40},"end":{"line":19,"column":54}},"5":{"start":{"line":20,"column":34},"end":{"line":20,"column":50}},"6":{"start":{"line":21,"column":28},"end":{"line":21,"column":119}},"7":{"start":{"line":22,"column":21},"end":{"line":22,"column":33}},"8":{"start":{"line":23,"column":25},"end":{"line":23,"column":76}},"9":{"start":{"line":23,"column":43},"end":{"line":23,"column":68}},"10":{"start":{"line":24,"column":26},"end":{"line":26,"column":7}},"11":{"start":{"line":28,"column":24},"end":{"line":32,"column":3}},"12":{"start":{"line":34,"column":24},"end":{"line":39,"column":8}},"13":{"start":{"line":35,"column":4},"end":{"line":37,"column":6}},"14":{"start":{"line":36,"column":16},"end":{"line":36,"column":59}},"15":{"start":{"line":38,"column":4},"end":{"line":38,"column":23}},"16":{"start":{"line":41,"column":21},"end":{"line":50,"column":8}},"17":{"start":{"line":42,"column":18},"end":{"line":42,"column":47}},"18":{"start":{"line":43,"column":4},"end":{"line":43,"column":25}},"19":{"start":{"line":44,"column":4},"end":{"line":49,"column":5}},"20":{"start":{"line":45,"column":19},"end":{"line":45,"column":61}},"21":{"start":{"line":46,"column":6},"end":{"line":46,"column":21}},"22":{"start":{"line":48,"column":6},"end":{"line":48,"column":25}},"23":{"start":{"line":52,"column":20},"end":{"line":62,"column":18}},"24":{"start":{"line":53,"column":4},"end":{"line":61,"column":5}},"25":{"start":{"line":54,"column":19},"end":{"line":54,"column":44}},"26":{"start":{"line":55,"column":6},"end":{"line":55,"column":21}},"27":{"start":{"line":56,"column":6},"end":{"line":58,"column":7}},"28":{"start":{"line":57,"column":8},"end":{"line":57,"column":28}},"29":{"start":{"line":60,"column":6},"end":{"line":60,"column":25}},"30":{"start":{"line":64,"column":2},"end":{"line":71,"column":28}},"31":{"start":{"line":65,"column":18},"end":{"line":65,"column":47}},"32":{"start":{"line":66,"column":4},"end":{"line":69,"column":5}},"33":{"start":{"line":67,"column":6},"end":{"line":67,"column":44}},"34":{"start":{"line":68,"column":6},"end":{"line":68,"column":13}},"35":{"start":{"line":70,"column":4},"end":{"line":70,"column":21}},"36":{"start":{"line":73,"column":27},"end":{"line":75,"column":3}},"37":{"start":{"line":74,"column":4},"end":{"line":74,"column":91}},"38":{"start":{"line":77,"column":25},"end":{"line":79,"column":3}},"39":{"start":{"line":78,"column":4},"end":{"line":78,"column":91}},"40":{"start":{"line":81,"column":27},"end":{"line":83,"column":3}},"41":{"start":{"line":82,"column":4},"end":{"line":82,"column":91}},"42":{"start":{"line":85,"column":24},"end":{"line":101,"column":3}},"43":{"start":{"line":86,"column":25},"end":{"line":86,"column":30}},"44":{"start":{"line":87,"column":18},"end":{"line":87,"column":47}},"45":{"start":{"line":89,"column":4},"end":{"line":100,"column":5}},"46":{"start":{"line":90,"column":6},"end":{"line":96,"column":7}},"47":{"start":{"line":91,"column":8},"end":{"line":91,"column":36}},"48":{"start":{"line":92,"column":8},"end":{"line":92,"column":25}},"49":{"start":{"line":93,"column":13},"end":{"line":96,"column":7}},"50":{"start":{"line":94,"column":8},"end":{"line":94,"column":36}},"51":{"start":{"line":95,"column":8},"end":{"line":95,"column":50}},"52":{"start":{"line":95,"column":35},"end":{"line":95,"column":47}},"53":{"start":{"line":97,"column":6},"end":{"line":97,"column":98}},"54":{"start":{"line":99,"column":6},"end":{"line":99,"column":25}},"55":{"start":{"line":103,"column":22},"end":{"line":121,"column":3}},"56":{"start":{"line":104,"column":41},"end":{"line":104,"column":46}},"57":{"start":{"line":105,"column":18},"end":{"line":105,"column":47}},"58":{"start":{"line":107,"column":4},"end":{"line":110,"column":5}},"59":{"start":{"line":108,"column":6},"end":{"line":108,"column":66}},"60":{"start":{"line":109,"column":6},"end":{"line":109,"column":13}},"61":{"start":{"line":112,"column":4},"end":{"line":120,"column":5}},"62":{"start":{"line":113,"column":6},"end":{"line":116,"column":7}},"63":{"start":{"line":114,"column":8},"end":{"line":114,"column":52}},"64":{"start":{"line":115,"column":8},"end":{"line":115,"column":25}},"65":{"start":{"line":117,"column":6},"end":{"line":117,"column":98}},"66":{"start":{"line":119,"column":6},"end":{"line":119,"column":25}},"67":{"start":{"line":123,"column":21},"end":{"line":125,"column":3}},"68":{"start":{"line":124,"column":4},"end":{"line":124,"column":96}},"69":{"start":{"line":127,"column":29},"end":{"line":135,"column":3}},"70":{"start":{"line":128,"column":18},"end":{"line":128,"column":47}},"71":{"start":{"line":129,"column":4},"end":{"line":134,"column":5}},"72":{"start":{"line":130,"column":6},"end":{"line":130,"column":61}},"73":{"start":{"line":131,"column":6},"end":{"line":131,"column":83}},"74":{"start":{"line":131,"column":30},"end":{"line":131,"column":80}},"75":{"start":{"line":133,"column":6},"end":{"line":133,"column":25}},"76":{"start":{"line":137,"column":2},"end":{"line":493,"column":4}},"77":{"start":{"line":161,"column":33},"end":{"line":161,"column":52}},"78":{"start":{"line":162,"column":35},"end":{"line":162,"column":96}},"79":{"start":{"line":163,"column":18},"end":{"line":197,"column":20}},"80":{"start":{"line":168,"column":39},"end":{"line":168,"column":55}},"81":{"start":{"line":176,"column":41},"end":{"line":176,"column":75}},"82":{"start":{"line":187,"column":41},"end":{"line":187,"column":77}},"83":{"start":{"line":245,"column":35},"end":{"line":245,"column":54}},"84":{"start":{"line":257,"column":35},"end":{"line":257,"column":56}},"85":{"start":{"line":283,"column":24},"end":{"line":326,"column":30}},"86":{"start":{"line":296,"column":45},"end":{"line":296,"column":89}},"87":{"start":{"line":317,"column":45},"end":{"line":317,"column":83}},"88":{"start":{"line":343,"column":24},"end":{"line":398,"column":30}},"89":{"start":{"line":357,"column":32},"end":{"line":394,"column":38}},"90":{"start":{"line":374,"column":55},"end":{"line":374,"column":93}},"91":{"start":{"line":421,"column":57},"end":{"line":421,"column":76}},"92":{"start":{"line":436,"column":37},"end":{"line":436,"column":91}}},"fnMap":{"0":{"name":"(anonymous_0)","decl":{"start":{"line":15,"column":18},"end":{"line":15,"column":19}},"loc":{"start":{"line":15,"column":24},"end":{"line":494,"column":1}},"line":15},"1":{"name":"(anonymous_1)","decl":{"start":{"line":23,"column":38},"end":{"line":23,"column":39}},"loc":{"start":{"line":23,"column":43},"end":{"line":23,"column":68}},"line":23},"2":{"name":"(anonymous_2)","decl":{"start":{"line":34,"column":45},"end":{"line":34,"column":46}},"loc":{"start":{"line":34,"column":70},"end":{"line":39,"column":3}},"line":34},"3":{"name":"(anonymous_3)","decl":{"start":{"line":36,"column":6},"end":{"line":36,"column":7}},"loc":{"start":{"line":36,"column":16},"end":{"line":36,"column":59}},"line":36},"4":{"name":"(anonymous_4)","decl":{"start":{"line":41,"column":33},"end":{"line":41,"column":34}},"loc":{"start":{"line":41,"column":49},"end":{"line":50,"column":3}},"line":41},"5":{"name":"(anonymous_5)","decl":{"start":{"line":52,"column":32},"end":{"line":52,"column":33}},"loc":{"start":{"line":52,"column":49},"end":{"line":62,"column":3}},"line":52},"6":{"name":"(anonymous_6)","decl":{"start":{"line":64,"column":12},"end":{"line":64,"column":13}},"loc":{"start":{"line":64,"column":18},"end":{"line":71,"column":3}},"line":64},"7":{"name":"(anonymous_7)","decl":{"start":{"line":73,"column":27},"end":{"line":73,"column":28}},"loc":{"start":{"line":73,"column":41},"end":{"line":75,"column":3}},"line":73},"8":{"name":"(anonymous_8)","decl":{"start":{"line":77,"column":25},"end":{"line":77,"column":26}},"loc":{"start":{"line":77,"column":39},"end":{"line":79,"column":3}},"line":77},"9":{"name":"(anonymous_9)","decl":{"start":{"line":81,"column":27},"end":{"line":81,"column":28}},"loc":{"start":{"line":81,"column":41},"end":{"line":83,"column":3}},"line":81},"10":{"name":"(anonymous_10)","decl":{"start":{"line":85,"column":24},"end":{"line":85,"column":25}},"loc":{"start":{"line":85,"column":36},"end":{"line":101,"column":3}},"line":85},"11":{"name":"(anonymous_11)","decl":{"start":{"line":95,"column":30},"end":{"line":95,"column":31}},"loc":{"start":{"line":95,"column":35},"end":{"line":95,"column":47}},"line":95},"12":{"name":"(anonymous_12)","decl":{"start":{"line":103,"column":22},"end":{"line":103,"column":23}},"loc":{"start":{"line":103,"column":34},"end":{"line":121,"column":3}},"line":103},"13":{"name":"(anonymous_13)","decl":{"start":{"line":123,"column":21},"end":{"line":123,"column":22}},"loc":{"start":{"line":123,"column":27},"end":{"line":125,"column":3}},"line":123},"14":{"name":"(anonymous_14)","decl":{"start":{"line":127,"column":29},"end":{"line":127,"column":30}},"loc":{"start":{"line":127,"column":58},"end":{"line":135,"column":3}},"line":127},"15":{"name":"(anonymous_15)","decl":{"start":{"line":131,"column":25},"end":{"line":131,"column":26}},"loc":{"start":{"line":131,"column":30},"end":{"line":131,"column":80}},"line":131},"16":{"name":"(anonymous_16)","decl":{"start":{"line":160,"column":27},"end":{"line":160,"column":28}},"loc":{"start":{"line":160,"column":37},"end":{"line":198,"column":17}},"line":160},"17":{"name":"(anonymous_17)","decl":{"start":{"line":168,"column":33},"end":{"line":168,"column":34}},"loc":{"start":{"line":168,"column":39},"end":{"line":168,"column":55}},"line":168},"18":{"name":"(anonymous_18)","decl":{"start":{"line":176,"column":35},"end":{"line":176,"column":36}},"loc":{"start":{"line":176,"column":41},"end":{"line":176,"column":75}},"line":176},"19":{"name":"(anonymous_19)","decl":{"start":{"line":187,"column":35},"end":{"line":187,"column":36}},"loc":{"start":{"line":187,"column":41},"end":{"line":187,"column":77}},"line":187},"20":{"name":"(anonymous_20)","decl":{"start":{"line":245,"column":29},"end":{"line":245,"column":30}},"loc":{"start":{"line":245,"column":35},"end":{"line":245,"column":54}},"line":245},"21":{"name":"(anonymous_21)","decl":{"start":{"line":257,"column":29},"end":{"line":257,"column":30}},"loc":{"start":{"line":257,"column":35},"end":{"line":257,"column":56}},"line":257},"22":{"name":"(anonymous_22)","decl":{"start":{"line":282,"column":32},"end":{"line":282,"column":33}},"loc":{"start":{"line":283,"column":24},"end":{"line":326,"column":30}},"line":283},"23":{"name":"(anonymous_23)","decl":{"start":{"line":296,"column":38},"end":{"line":296,"column":39}},"loc":{"start":{"line":296,"column":45},"end":{"line":296,"column":89}},"line":296},"24":{"name":"(anonymous_24)","decl":{"start":{"line":317,"column":39},"end":{"line":317,"column":40}},"loc":{"start":{"line":317,"column":45},"end":{"line":317,"column":83}},"line":317},"25":{"name":"(anonymous_25)","decl":{"start":{"line":342,"column":40},"end":{"line":342,"column":41}},"loc":{"start":{"line":343,"column":24},"end":{"line":398,"column":30}},"line":343},"26":{"name":"(anonymous_26)","decl":{"start":{"line":356,"column":60},"end":{"line":356,"column":61}},"loc":{"start":{"line":357,"column":32},"end":{"line":394,"column":38}},"line":357},"27":{"name":"(anonymous_27)","decl":{"start":{"line":374,"column":49},"end":{"line":374,"column":50}},"loc":{"start":{"line":374,"column":55},"end":{"line":374,"column":93}},"line":374},"28":{"name":"(anonymous_28)","decl":{"start":{"line":421,"column":50},"end":{"line":421,"column":51}},"loc":{"start":{"line":421,"column":57},"end":{"line":421,"column":76}},"line":421},"29":{"name":"(anonymous_29)","decl":{"start":{"line":436,"column":30},"end":{"line":436,"column":31}},"loc":{"start":{"line":436,"column":37},"end":{"line":436,"column":91}},"line":436}},"branchMap":{"0":{"loc":{"start":{"line":24,"column":26},"end":{"line":26,"column":7}},"type":"cond-expr","locations":[{"start":{"line":25,"column":6},"end":{"line":25,"column":53}},{"start":{"line":26,"column":6},"end":{"line":26,"column":7}}],"line":24},"1":{"loc":{"start":{"line":36,"column":17},"end":{"line":36,"column":43}},"type":"binary-expr","locations":[{"start":{"line":36,"column":17},"end":{"line":36,"column":28}},{"start":{"line":36,"column":32},"end":{"line":36,"column":43}}],"line":36},"2":{"loc":{"start":{"line":45,"column":41},"end":{"line":45,"column":60}},"type":"binary-expr","locations":[{"start":{"line":45,"column":41},"end":{"line":45,"column":49}},{"start":{"line":45,"column":53},"end":{"line":45,"column":60}}],"line":45},"3":{"loc":{"start":{"line":56,"column":6},"end":{"line":58,"column":7}},"type":"if","locations":[{"start":{"line":56,"column":6},"end":{"line":58,"column":7}},{"start":{},"end":{}}],"line":56},"4":{"loc":{"start":{"line":66,"column":4},"end":{"line":69,"column":5}},"type":"if","locations":[{"start":{"line":66,"column":4},"end":{"line":69,"column":5}},{"start":{},"end":{}}],"line":66},"5":{"loc":{"start":{"line":90,"column":6},"end":{"line":96,"column":7}},"type":"if","locations":[{"start":{"line":90,"column":6},"end":{"line":96,"column":7}},{"start":{"line":93,"column":13},"end":{"line":96,"column":7}}],"line":90},"6":{"loc":{"start":{"line":93,"column":13},"end":{"line":96,"column":7}},"type":"if","locations":[{"start":{"line":93,"column":13},"end":{"line":96,"column":7}},{"start":{},"end":{}}],"line":93},"7":{"loc":{"start":{"line":107,"column":4},"end":{"line":110,"column":5}},"type":"if","locations":[{"start":{"line":107,"column":4},"end":{"line":110,"column":5}},{"start":{},"end":{}}],"line":107},"8":{"loc":{"start":{"line":113,"column":6},"end":{"line":116,"column":7}},"type":"if","locations":[{"start":{"line":113,"column":6},"end":{"line":116,"column":7}},{"start":{},"end":{}}],"line":113},"9":{"loc":{"start":{"line":131,"column":30},"end":{"line":131,"column":80}},"type":"cond-expr","locations":[{"start":{"line":131,"column":49},"end":{"line":131,"column":76}},{"start":{"line":131,"column":79},"end":{"line":131,"column":80}}],"line":131},"10":{"loc":{"start":{"line":154,"column":13},"end":{"line":200,"column":13}},"type":"cond-expr","locations":[{"start":{"line":155,"column":14},"end":{"line":157,"column":20}},{"start":{"line":159,"column":14},"end":{"line":199,"column":19}}],"line":154},"11":{"loc":{"start":{"line":161,"column":33},"end":{"line":161,"column":52}},"type":"binary-expr","locations":[{"start":{"line":161,"column":33},"end":{"line":161,"column":41}},{"start":{"line":161,"column":45},"end":{"line":161,"column":52}}],"line":161},"12":{"loc":{"start":{"line":162,"column":35},"end":{"line":162,"column":96}},"type":"binary-expr","locations":[{"start":{"line":162,"column":35},"end":{"line":162,"column":46}},{"start":{"line":162,"column":50},"end":{"line":162,"column":96}}],"line":162},"13":{"loc":{"start":{"line":162,"column":62},"end":{"line":162,"column":95}},"type":"binary-expr","locations":[{"start":{"line":162,"column":62},"end":{"line":162,"column":77}},{"start":{"line":162,"column":81},"end":{"line":162,"column":95}}],"line":162},"14":{"loc":{"start":{"line":167,"column":49},"end":{"line":167,"column":76}},"type":"cond-expr","locations":[{"start":{"line":167,"column":60},"end":{"line":167,"column":71}},{"start":{"line":167,"column":74},"end":{"line":167,"column":76}}],"line":167},"15":{"loc":{"start":{"line":209,"column":11},"end":{"line":416,"column":11}},"type":"cond-expr","locations":[{"start":{"line":210,"column":12},"end":{"line":404,"column":15}},{"start":{"line":406,"column":12},"end":{"line":414,"column":18}}],"line":209},"16":{"loc":{"start":{"line":236,"column":45},"end":{"line":236,"column":78}},"type":"binary-expr","locations":[{"start":{"line":236,"column":45},"end":{"line":236,"column":60}},{"start":{"line":236,"column":64},"end":{"line":236,"column":78}}],"line":236},"17":{"loc":{"start":{"line":244,"column":48},"end":{"line":244,"column":83}},"type":"cond-expr","locations":[{"start":{"line":244,"column":70},"end":{"line":244,"column":78}},{"start":{"line":244,"column":81},"end":{"line":244,"column":83}}],"line":244},"18":{"loc":{"start":{"line":256,"column":48},"end":{"line":256,"column":85}},"type":"cond-expr","locations":[{"start":{"line":256,"column":72},"end":{"line":256,"column":80}},{"start":{"line":256,"column":83},"end":{"line":256,"column":85}}],"line":256},"19":{"loc":{"start":{"line":270,"column":17},"end":{"line":402,"column":17}},"type":"cond-expr","locations":[{"start":{"line":271,"column":18},"end":{"line":329,"column":24}},{"start":{"line":331,"column":18},"end":{"line":401,"column":24}}],"line":270},"20":{"loc":{"start":{"line":272,"column":21},"end":{"line":328,"column":21}},"type":"cond-expr","locations":[{"start":{"line":273,"column":22},"end":{"line":280,"column":28}},{"start":{"line":282,"column":22},"end":{"line":327,"column":24}}],"line":272},"21":{"loc":{"start":{"line":288,"column":29},"end":{"line":290,"column":29}},"type":"binary-expr","locations":[{"start":{"line":288,"column":29},"end":{"line":288,"column":45}},{"start":{"line":289,"column":30},"end":{"line":289,"column":84}}],"line":288},"22":{"loc":{"start":{"line":332,"column":21},"end":{"line":400,"column":21}},"type":"cond-expr","locations":[{"start":{"line":333,"column":22},"end":{"line":340,"column":28}},{"start":{"line":342,"column":22},"end":{"line":399,"column":24}}],"line":332},"23":{"loc":{"start":{"line":353,"column":29},"end":{"line":396,"column":29}},"type":"cond-expr","locations":[{"start":{"line":354,"column":30},"end":{"line":354,"column":83}},{"start":{"line":356,"column":30},"end":{"line":395,"column":32}}],"line":353},"24":{"loc":{"start":{"line":384,"column":35},"end":{"line":386,"column":35}},"type":"binary-expr","locations":[{"start":{"line":384,"column":35},"end":{"line":384,"column":51}},{"start":{"line":385,"column":36},"end":{"line":385,"column":97}}],"line":384},"25":{"loc":{"start":{"line":389,"column":39},"end":{"line":389,"column":81}},"type":"binary-expr","locations":[{"start":{"line":389,"column":39},"end":{"line":389,"column":66}},{"start":{"line":389,"column":70},"end":{"line":389,"column":81}}],"line":389},"26":{"loc":{"start":{"line":390,"column":39},"end":{"line":390,"column":82}},"type":"binary-expr","locations":[{"start":{"line":390,"column":39},"end":{"line":390,"column":65}},{"start":{"line":390,"column":69},"end":{"line":390,"column":82}}],"line":390},"27":{"loc":{"start":{"line":391,"column":39},"end":{"line":391,"column":83}},"type":"binary-expr","locations":[{"start":{"line":391,"column":39},"end":{"line":391,"column":67}},{"start":{"line":391,"column":71},"end":{"line":391,"column":83}}],"line":391},"28":{"loc":{"start":{"line":419,"column":7},"end":{"line":490,"column":7}},"type":"binary-expr","locations":[{"start":{"line":419,"column":7},"end":{"line":419,"column":19}},{"start":{"line":420,"column":8},"end":{"line":489,"column":14}}],"line":419},"29":{"loc":{"start":{"line":422,"column":13},"end":{"line":487,"column":13}},"type":"cond-expr","locations":[{"start":{"line":423,"column":14},"end":{"line":456,"column":17}},{"start":{"line":458,"column":14},"end":{"line":486,"column":17}}],"line":422},"30":{"loc":{"start":{"line":465,"column":29},"end":{"line":465,"column":70}},"type":"cond-expr","locations":[{"start":{"line":465,"column":53},"end":{"line":465,"column":60}},{"start":{"line":465,"column":63},"end":{"line":465,"column":70}}],"line":465}},"s":{"0":1,"1":5,"2":5,"3":5,"4":5,"5":5,"6":5,"7":5,"8":5,"9":3,"10":5,"11":5,"12":5,"13":15,"14":9,"15":15,"16":5,"17":2,"18":2,"19":2,"20":2,"21":2,"22":0,"23":5,"24":1,"25":1,"26":1,"27":1,"28":1,"29":0,"30":5,"31":2,"32":2,"33":1,"34":1,"35":1,"36":5,"37":0,"38":5,"39":0,"40":5,"41":0,"42":5,"43":0,"44":0,"45":0,"46":0,"47":0,"48":0,"49":0,"50":0,"51":0,"52":0,"53":0,"54":0,"55":5,"56":0,"57":0,"58":0,"59":0,"60":0,"61":0,"62":0,"63":0,"64":0,"65":0,"66":0,"67":5,"68":0,"69":5,"70":1,"71":1,"72":1,"73":1,"74":1,"75":0,"76":5,"77":6,"78":6,"79":6,"80":1,"81":0,"82":0,"83":0,"84":0,"85":3,"86":1,"87":0,"88":0,"89":0,"90":0,"91":0,"92":0},"f":{"0":5,"1":3,"2":15,"3":9,"4":2,"5":1,"6":2,"7":0,"8":0,"9":0,"10":0,"11":0,"12":0,"13":0,"14":1,"15":1,"16":6,"17":1,"18":0,"19":0,"20":0,"21":0,"22":3,"23":1,"24":0,"25":0,"26":0,"27":0,"28":0,"29":0},"b":{"0":[3,2],"1":[9,0],"2":[2,0],"3":[1,0],"4":[1,1],"5":[0,0],"6":[0,0],"7":[0,0],"8":[0,0],"9":[1,0],"10":[2,3],"11":[6,0],"12":[6,6],"13":[6,0],"14":[3,3],"15":[3,2],"16":[3,0],"17":[3,0],"18":[0,3],"19":[3,0],"20":[0,3],"21":[3,3],"22":[0,0],"23":[0,0],"24":[0,0],"25":[0,0],"26":[0,0],"27":[0,0],"28":[5,0],"29":[0,0],"30":[0,0]},"_coverageSchema":"1a1c01bbd47fc00a2c39e90264f33305004495a9","hash":"93a32d1ea63807b770c071368be7e60eba38d86b"}
,"D:\\Universidad\\Ingenieria de Sistemas\\7 - Séptimo Semestre\\Proyecto Integrador 2\\Proyecto\\Frontend\\task-management\\src\\assets\\pages\\edit-profile\\EditProfile.jsx": {"path":"D:\\Universidad\\Ingenieria de Sistemas\\7 - Séptimo Semestre\\Proyecto Integrador 2\\Proyecto\\Frontend\\task-management\\src\\assets\\pages\\edit-profile\\EditProfile.jsx","statementMap":{"0":{"start":{"line":8,"column":20},"end":{"line":143,"column":1}},"1":{"start":{"line":10,"column":26},"end":{"line":15,"column":4}},"2":{"start":{"line":17,"column":26},"end":{"line":17,"column":40}},"3":{"start":{"line":20,"column":2},"end":{"line":47,"column":9}},"4":{"start":{"line":21,"column":21},"end":{"line":44,"column":5}},"5":{"start":{"line":22,"column":20},"end":{"line":22,"column":49}},"6":{"start":{"line":24,"column":6},"end":{"line":27,"column":7}},"7":{"start":{"line":25,"column":8},"end":{"line":25,"column":41}},"8":{"start":{"line":26,"column":8},"end":{"line":26,"column":15}},"9":{"start":{"line":29,"column":6},"end":{"line":43,"column":7}},"10":{"start":{"line":30,"column":21},"end":{"line":30,"column":52}},"11":{"start":{"line":32,"column":8},"end":{"line":32,"column":22}},"12":{"start":{"line":34,"column":8},"end":{"line":39,"column":11}},"13":{"start":{"line":42,"column":8},"end":{"line":42,"column":27}},"14":{"start":{"line":46,"column":4},"end":{"line":46,"column":15}},"15":{"start":{"line":50,"column":23},"end":{"line":55,"column":3}},"16":{"start":{"line":51,"column":4},"end":{"line":54,"column":7}},"17":{"start":{"line":58,"column":23},"end":{"line":76,"column":3}},"18":{"start":{"line":59,"column":4},"end":{"line":59,"column":23}},"19":{"start":{"line":61,"column":18},"end":{"line":61,"column":47}},"20":{"start":{"line":63,"column":17},"end":{"line":63,"column":19}},"21":{"start":{"line":64,"column":4},"end":{"line":64,"column":56}},"22":{"start":{"line":64,"column":24},"end":{"line":64,"column":56}},"23":{"start":{"line":65,"column":4},"end":{"line":65,"column":53}},"24":{"start":{"line":65,"column":23},"end":{"line":65,"column":53}},"25":{"start":{"line":66,"column":4},"end":{"line":66,"column":48}},"26":{"start":{"line":66,"column":18},"end":{"line":66,"column":48}},"27":{"start":{"line":67,"column":4},"end":{"line":67,"column":44}},"28":{"start":{"line":67,"column":20},"end":{"line":67,"column":44}},"29":{"start":{"line":69,"column":4},"end":{"line":75,"column":5}},"30":{"start":{"line":70,"column":6},"end":{"line":70,"column":43}},"31":{"start":{"line":71,"column":6},"end":{"line":71,"column":46}},"32":{"start":{"line":73,"column":6},"end":{"line":73,"column":25}},"33":{"start":{"line":74,"column":6},"end":{"line":74,"column":44}},"34":{"start":{"line":78,"column":2},"end":{"line":142,"column":4}}},"fnMap":{"0":{"name":"(anonymous_0)","decl":{"start":{"line":8,"column":20},"end":{"line":8,"column":21}},"loc":{"start":{"line":8,"column":26},"end":{"line":143,"column":1}},"line":8},"1":{"name":"(anonymous_1)","decl":{"start":{"line":20,"column":12},"end":{"line":20,"column":13}},"loc":{"start":{"line":20,"column":18},"end":{"line":47,"column":3}},"line":20},"2":{"name":"(anonymous_2)","decl":{"start":{"line":21,"column":21},"end":{"line":21,"column":22}},"loc":{"start":{"line":21,"column":33},"end":{"line":44,"column":5}},"line":21},"3":{"name":"(anonymous_3)","decl":{"start":{"line":50,"column":23},"end":{"line":50,"column":24}},"loc":{"start":{"line":50,"column":30},"end":{"line":55,"column":3}},"line":50},"4":{"name":"(anonymous_4)","decl":{"start":{"line":58,"column":23},"end":{"line":58,"column":24}},"loc":{"start":{"line":58,"column":36},"end":{"line":76,"column":3}},"line":58}},"branchMap":{"0":{"loc":{"start":{"line":24,"column":6},"end":{"line":27,"column":7}},"type":"if","locations":[{"start":{"line":24,"column":6},"end":{"line":27,"column":7}},{"start":{},"end":{}}],"line":24},"1":{"loc":{"start":{"line":35,"column":21},"end":{"line":35,"column":41}},"type":"binary-expr","locations":[{"start":{"line":35,"column":21},"end":{"line":35,"column":35}},{"start":{"line":35,"column":39},"end":{"line":35,"column":41}}],"line":35},"2":{"loc":{"start":{"line":36,"column":20},"end":{"line":36,"column":39}},"type":"binary-expr","locations":[{"start":{"line":36,"column":20},"end":{"line":36,"column":33}},{"start":{"line":36,"column":37},"end":{"line":36,"column":39}}],"line":36},"3":{"loc":{"start":{"line":37,"column":15},"end":{"line":37,"column":29}},"type":"binary-expr","locations":[{"start":{"line":37,"column":15},"end":{"line":37,"column":23}},{"start":{"line":37,"column":27},"end":{"line":37,"column":29}}],"line":37},"4":{"loc":{"start":{"line":38,"column":17},"end":{"line":38,"column":33}},"type":"binary-expr","locations":[{"start":{"line":38,"column":17},"end":{"line":38,"column":27}},{"start":{"line":38,"column":31},"end":{"line":38,"column":33}}],"line":38},"5":{"loc":{"start":{"line":64,"column":4},"end":{"line":64,"column":56}},"type":"if","locations":[{"start":{"line":64,"column":4},"end":{"line":64,"column":56}},{"start":{},"end":{}}],"line":64},"6":{"loc":{"start":{"line":65,"column":4},"end":{"line":65,"column":53}},"type":"if","locations":[{"start":{"line":65,"column":4},"end":{"line":65,"column":53}},{"start":{},"end":{}}],"line":65},"7":{"loc":{"start":{"line":66,"column":4},"end":{"line":66,"column":48}},"type":"if","locations":[{"start":{"line":66,"column":4},"end":{"line":66,"column":48}},{"start":{},"end":{}}],"line":66},"8":{"loc":{"start":{"line":67,"column":4},"end":{"line":67,"column":44}},"type":"if","locations":[{"start":{"line":67,"column":4},"end":{"line":67,"column":44}},{"start":{},"end":{}}],"line":67}},"s":{"0":1,"1":3,"2":3,"3":3,"4":1,"5":1,"6":1,"7":0,"8":0,"9":1,"10":1,"11":1,"12":1,"13":0,"14":1,"15":3,"16":1,"17":3,"18":1,"19":1,"20":1,"21":1,"22":1,"23":1,"24":1,"25":1,"26":1,"27":1,"28":1,"29":1,"30":1,"31":1,"32":0,"33":0,"34":3},"f":{"0":3,"1":1,"2":1,"3":1,"4":1},"b":{"0":[0,1],"1":[1,0],"2":[1,0],"3":[1,0],"4":[1,0],"5":[1,0],"6":[1,0],"7":[1,0],"8":[1,0]},"_coverageSchema":"1a1c01bbd47fc00a2c39e90264f33305004495a9","hash":"7afc1d45d2163f0ed06284f30afbd069fc6346cc"}
,"D:\\Universidad\\Ingenieria de Sistemas\\7 - Séptimo Semestre\\Proyecto Integrador 2\\Proyecto\\Frontend\\task-management\\src\\assets\\pages\\landing\\LandingPage.jsx": {"path":"D:\\Universidad\\Ingenieria de Sistemas\\7 - Séptimo Semestre\\Proyecto Integrador 2\\Proyecto\\Frontend\\task-management\\src\\assets\\pages\\landing\\LandingPage.jsx","statementMap":{"0":{"start":{"line":7,"column":38},"end":{"line":7,"column":53}},"1":{"start":{"line":8,"column":19},"end":{"line":8,"column":32}},"2":{"start":{"line":10,"column":2},"end":{"line":28,"column":9}},"3":{"start":{"line":11,"column":25},"end":{"line":25,"column":5}},"4":{"start":{"line":12,"column":20},"end":{"line":12,"column":49}},"5":{"start":{"line":13,"column":6},"end":{"line":16,"column":7}},"6":{"start":{"line":14,"column":8},"end":{"line":14,"column":29}},"7":{"start":{"line":15,"column":8},"end":{"line":15,"column":15}},"8":{"start":{"line":18,"column":6},"end":{"line":24,"column":7}},"9":{"start":{"line":19,"column":8},"end":{"line":19,"column":40}},"10":{"start":{"line":20,"column":8},"end":{"line":20,"column":28}},"11":{"start":{"line":22,"column":8},"end":{"line":22,"column":41}},"12":{"start":{"line":23,"column":8},"end":{"line":23,"column":29}},"13":{"start":{"line":27,"column":4},"end":{"line":27,"column":19}},"14":{"start":{"line":30,"column":2},"end":{"line":69,"column":4}},"15":{"start":{"line":45,"column":29},"end":{"line":45,"column":47}},"16":{"start":{"line":52,"column":29},"end":{"line":52,"column":50}},"17":{"start":{"line":62,"column":27},"end":{"line":62,"column":49}}},"fnMap":{"0":{"name":"LandingPage","decl":{"start":{"line":6,"column":24},"end":{"line":6,"column":35}},"loc":{"start":{"line":6,"column":38},"end":{"line":70,"column":1}},"line":6},"1":{"name":"(anonymous_1)","decl":{"start":{"line":10,"column":12},"end":{"line":10,"column":13}},"loc":{"start":{"line":10,"column":18},"end":{"line":28,"column":3}},"line":10},"2":{"name":"(anonymous_2)","decl":{"start":{"line":11,"column":25},"end":{"line":11,"column":26}},"loc":{"start":{"line":11,"column":37},"end":{"line":25,"column":5}},"line":11},"3":{"name":"(anonymous_3)","decl":{"start":{"line":45,"column":23},"end":{"line":45,"column":24}},"loc":{"start":{"line":45,"column":29},"end":{"line":45,"column":47}},"line":45},"4":{"name":"(anonymous_4)","decl":{"start":{"line":52,"column":23},"end":{"line":52,"column":24}},"loc":{"start":{"line":52,"column":29},"end":{"line":52,"column":50}},"line":52},"5":{"name":"(anonymous_5)","decl":{"start":{"line":62,"column":21},"end":{"line":62,"column":22}},"loc":{"start":{"line":62,"column":27},"end":{"line":62,"column":49}},"line":62}},"branchMap":{"0":{"loc":{"start":{"line":13,"column":6},"end":{"line":16,"column":7}},"type":"if","locations":[{"start":{"line":13,"column":6},"end":{"line":16,"column":7}},{"start":{},"end":{}}],"line":13},"1":{"loc":{"start":{"line":41,"column":9},"end":{"line":66,"column":9}},"type":"cond-expr","locations":[{"start":{"line":42,"column":10},"end":{"line":58,"column":13}},{"start":{"line":60,"column":10},"end":{"line":65,"column":19}}],"line":41}},"s":{"0":3,"1":3,"2":3,"3":2,"4":2,"5":2,"6":1,"7":1,"8":1,"9":1,"10":1,"11":0,"12":0,"13":2,"14":3,"15":0,"16":0,"17":0},"f":{"0":3,"1":2,"2":2,"3":0,"4":0,"5":0},"b":{"0":[1,1],"1":[2,1]},"_coverageSchema":"1a1c01bbd47fc00a2c39e90264f33305004495a9","hash":"6470442dd83b1a83d40d0458c0f9bca007351c14"}
,"D:\\Universidad\\Ingenieria de Sistemas\\7 - Séptimo Semestre\\Proyecto Integrador 2\\Proyecto\\Frontend\\task-management\\src\\assets\\pages\\login\\Login.jsx": {"path":"D:\\Universidad\\Ingenieria de Sistemas\\7 - Séptimo Semestre\\Proyecto Integrador 2\\Proyecto\\Frontend\\task-management\\src\\assets\\pages\\login\\Login.jsx","statementMap":{"0":{"start":{"line":6,"column":14},"end":{"line":132,"column":1}},"1":{"start":{"line":7,"column":18},"end":{"line":7,"column":31}},"2":{"start":{"line":8,"column":25},"end":{"line":11,"column":3}},"3":{"start":{"line":12,"column":31},"end":{"line":12,"column":43}},"4":{"start":{"line":13,"column":27},"end":{"line":13,"column":42}},"5":{"start":{"line":14,"column":31},"end":{"line":14,"column":46}},"6":{"start":{"line":16,"column":22},"end":{"line":21,"column":2}},"7":{"start":{"line":17,"column":2},"end":{"line":20,"column":5}},"8":{"start":{"line":23,"column":22},"end":{"line":53,"column":2}},"9":{"start":{"line":24,"column":2},"end":{"line":24,"column":21}},"10":{"start":{"line":26,"column":2},"end":{"line":30,"column":3}},"11":{"start":{"line":27,"column":3},"end":{"line":27,"column":46}},"12":{"start":{"line":28,"column":3},"end":{"line":28,"column":18}},"13":{"start":{"line":29,"column":3},"end":{"line":29,"column":10}},"14":{"start":{"line":32,"column":2},"end":{"line":32,"column":19}},"15":{"start":{"line":33,"column":2},"end":{"line":33,"column":17}},"16":{"start":{"line":35,"column":2},"end":{"line":52,"column":3}},"17":{"start":{"line":36,"column":16},"end":{"line":36,"column":37}},"18":{"start":{"line":37,"column":17},"end":{"line":37,"column":49}},"19":{"start":{"line":39,"column":3},"end":{"line":41,"column":4}},"20":{"start":{"line":40,"column":4},"end":{"line":40,"column":60}},"21":{"start":{"line":43,"column":3},"end":{"line":43,"column":40}},"22":{"start":{"line":45,"column":3},"end":{"line":45,"column":19}},"23":{"start":{"line":46,"column":3},"end":{"line":46,"column":26}},"24":{"start":{"line":48,"column":3},"end":{"line":48,"column":55}},"25":{"start":{"line":49,"column":3},"end":{"line":49,"column":18}},"26":{"start":{"line":51,"column":3},"end":{"line":51,"column":21}},"27":{"start":{"line":55,"column":1},"end":{"line":131,"column":3}},"28":{"start":{"line":60,"column":19},"end":{"line":60,"column":32}}},"fnMap":{"0":{"name":"(anonymous_0)","decl":{"start":{"line":6,"column":14},"end":{"line":6,"column":15}},"loc":{"start":{"line":6,"column":20},"end":{"line":132,"column":1}},"line":6},"1":{"name":"(anonymous_1)","decl":{"start":{"line":16,"column":22},"end":{"line":16,"column":23}},"loc":{"start":{"line":16,"column":29},"end":{"line":21,"column":2}},"line":16},"2":{"name":"(anonymous_2)","decl":{"start":{"line":23,"column":22},"end":{"line":23,"column":23}},"loc":{"start":{"line":23,"column":35},"end":{"line":53,"column":2}},"line":23},"3":{"name":"(anonymous_3)","decl":{"start":{"line":60,"column":13},"end":{"line":60,"column":14}},"loc":{"start":{"line":60,"column":19},"end":{"line":60,"column":32}},"line":60}},"branchMap":{"0":{"loc":{"start":{"line":26,"column":2},"end":{"line":30,"column":3}},"type":"if","locations":[{"start":{"line":26,"column":2},"end":{"line":30,"column":3}},{"start":{},"end":{}}],"line":26},"1":{"loc":{"start":{"line":26,"column":6},"end":{"line":26,"column":35}},"type":"binary-expr","locations":[{"start":{"line":26,"column":6},"end":{"line":26,"column":17}},{"start":{"line":26,"column":21},"end":{"line":26,"column":35}}],"line":26},"2":{"loc":{"start":{"line":37,"column":17},"end":{"line":37,"column":49}},"type":"binary-expr","locations":[{"start":{"line":37,"column":17},"end":{"line":37,"column":28}},{"start":{"line":37,"column":32},"end":{"line":37,"column":49}}],"line":37},"3":{"loc":{"start":{"line":39,"column":3},"end":{"line":41,"column":4}},"type":"if","locations":[{"start":{"line":39,"column":3},"end":{"line":41,"column":4}},{"start":{},"end":{}}],"line":39},"4":{"loc":{"start":{"line":48,"column":14},"end":{"line":48,"column":53}},"type":"binary-expr","locations":[{"start":{"line":48,"column":14},"end":{"line":48,"column":25}},{"start":{"line":48,"column":29},"end":{"line":48,"column":53}}],"line":48},"5":{"loc":{"start":{"line":105,"column":5},"end":{"line":109,"column":5}},"type":"binary-expr","locations":[{"start":{"line":105,"column":5},"end":{"line":105,"column":12}},{"start":{"line":106,"column":5},"end":{"line":108,"column":9}}],"line":105},"6":{"loc":{"start":{"line":106,"column":24},"end":{"line":106,"column":53}},"type":"cond-expr","locations":[{"start":{"line":106,"column":32},"end":{"line":106,"column":41}},{"start":{"line":106,"column":44},"end":{"line":106,"column":53}}],"line":106},"7":{"loc":{"start":{"line":112,"column":6},"end":{"line":112,"column":44}},"type":"cond-expr","locations":[{"start":{"line":112,"column":16},"end":{"line":112,"column":31}},{"start":{"line":112,"column":34},"end":{"line":112,"column":44}}],"line":112}},"s":{"0":1,"1":7,"2":7,"3":7,"4":7,"5":7,"6":7,"7":2,"8":7,"9":2,"10":2,"11":1,"12":1,"13":1,"14":1,"15":1,"16":1,"17":1,"18":1,"19":1,"20":0,"21":1,"22":1,"23":1,"24":0,"25":0,"26":1,"27":7,"28":0},"f":{"0":7,"1":2,"2":2,"3":0},"b":{"0":[1,1],"1":[2,1],"2":[1,0],"3":[0,1],"4":[0,0],"5":[7,1],"6":[1,0],"7":[1,6]},"_coverageSchema":"1a1c01bbd47fc00a2c39e90264f33305004495a9","hash":"92102ce1db77bde4c882a81569be0053b25598ea"}
,"D:\\Universidad\\Ingenieria de Sistemas\\7 - Séptimo Semestre\\Proyecto Integrador 2\\Proyecto\\Frontend\\task-management\\src\\assets\\pages\\recover-password\\RecoverPassword.jsx": {"path":"D:\\Universidad\\Ingenieria de Sistemas\\7 - Séptimo Semestre\\Proyecto Integrador 2\\Proyecto\\Frontend\\task-management\\src\\assets\\pages\\recover-password\\RecoverPassword.jsx","statementMap":{"0":{"start":{"line":4,"column":24},"end":{"line":98,"column":1}},"1":{"start":{"line":6,"column":28},"end":{"line":6,"column":40}},"2":{"start":{"line":7,"column":32},"end":{"line":7,"column":44}},"3":{"start":{"line":8,"column":28},"end":{"line":8,"column":43}},"4":{"start":{"line":10,"column":23},"end":{"line":10,"column":57}},"5":{"start":{"line":13,"column":24},"end":{"line":16,"column":3}},"6":{"start":{"line":14,"column":18},"end":{"line":14,"column":46}},"7":{"start":{"line":15,"column":4},"end":{"line":15,"column":29}},"8":{"start":{"line":19,"column":23},"end":{"line":56,"column":3}},"9":{"start":{"line":20,"column":4},"end":{"line":20,"column":23}},"10":{"start":{"line":22,"column":4},"end":{"line":26,"column":5}},"11":{"start":{"line":23,"column":6},"end":{"line":23,"column":56}},"12":{"start":{"line":24,"column":6},"end":{"line":24,"column":21}},"13":{"start":{"line":25,"column":6},"end":{"line":25,"column":13}},"14":{"start":{"line":28,"column":4},"end":{"line":55,"column":5}},"15":{"start":{"line":29,"column":23},"end":{"line":38,"column":7}},"16":{"start":{"line":40,"column":6},"end":{"line":50,"column":7}},"17":{"start":{"line":41,"column":8},"end":{"line":41,"column":57}},"18":{"start":{"line":42,"column":8},"end":{"line":42,"column":24}},"19":{"start":{"line":43,"column":8},"end":{"line":43,"column":21}},"20":{"start":{"line":45,"column":21},"end":{"line":45,"column":60}},"21":{"start":{"line":45,"column":56},"end":{"line":45,"column":58}},"22":{"start":{"line":46,"column":8},"end":{"line":48,"column":10}},"23":{"start":{"line":49,"column":8},"end":{"line":49,"column":23}},"24":{"start":{"line":53,"column":6},"end":{"line":53,"column":57}},"25":{"start":{"line":54,"column":6},"end":{"line":54,"column":21}},"26":{"start":{"line":58,"column":2},"end":{"line":97,"column":4}},"27":{"start":{"line":83,"column":31},"end":{"line":83,"column":55}}},"fnMap":{"0":{"name":"(anonymous_0)","decl":{"start":{"line":4,"column":24},"end":{"line":4,"column":25}},"loc":{"start":{"line":4,"column":30},"end":{"line":98,"column":1}},"line":4},"1":{"name":"(anonymous_1)","decl":{"start":{"line":13,"column":24},"end":{"line":13,"column":25}},"loc":{"start":{"line":13,"column":35},"end":{"line":16,"column":3}},"line":13},"2":{"name":"(anonymous_2)","decl":{"start":{"line":19,"column":23},"end":{"line":19,"column":24}},"loc":{"start":{"line":19,"column":36},"end":{"line":56,"column":3}},"line":19},"3":{"name":"(anonymous_3)","decl":{"start":{"line":45,"column":49},"end":{"line":45,"column":50}},"loc":{"start":{"line":45,"column":56},"end":{"line":45,"column":58}},"line":45},"4":{"name":"(anonymous_4)","decl":{"start":{"line":83,"column":24},"end":{"line":83,"column":25}},"loc":{"start":{"line":83,"column":31},"end":{"line":83,"column":55}},"line":83}},"branchMap":{"0":{"loc":{"start":{"line":22,"column":4},"end":{"line":26,"column":5}},"type":"if","locations":[{"start":{"line":22,"column":4},"end":{"line":26,"column":5}},{"start":{},"end":{}}],"line":22},"1":{"loc":{"start":{"line":40,"column":6},"end":{"line":50,"column":7}},"type":"if","locations":[{"start":{"line":40,"column":6},"end":{"line":50,"column":7}},{"start":{"line":44,"column":13},"end":{"line":50,"column":7}}],"line":40},"2":{"loc":{"start":{"line":47,"column":10},"end":{"line":47,"column":54}},"type":"binary-expr","locations":[{"start":{"line":47,"column":10},"end":{"line":47,"column":22}},{"start":{"line":47,"column":26},"end":{"line":47,"column":54}}],"line":47},"3":{"loc":{"start":{"line":70,"column":9},"end":{"line":74,"column":9}},"type":"binary-expr","locations":[{"start":{"line":70,"column":9},"end":{"line":70,"column":16}},{"start":{"line":71,"column":10},"end":{"line":73,"column":16}}],"line":70},"4":{"loc":{"start":{"line":71,"column":31},"end":{"line":71,"column":54}},"type":"cond-expr","locations":[{"start":{"line":71,"column":39},"end":{"line":71,"column":44}},{"start":{"line":71,"column":47},"end":{"line":71,"column":54}}],"line":71}},"s":{"0":1,"1":5,"2":5,"3":5,"4":5,"5":5,"6":2,"7":2,"8":5,"9":2,"10":2,"11":1,"12":1,"13":1,"14":1,"15":1,"16":1,"17":1,"18":1,"19":1,"20":0,"21":0,"22":0,"23":0,"24":0,"25":0,"26":5,"27":2},"f":{"0":5,"1":2,"2":2,"3":0,"4":2},"b":{"0":[1,1],"1":[1,0],"2":[0,0],"3":[5,3],"4":[2,1]},"_coverageSchema":"1a1c01bbd47fc00a2c39e90264f33305004495a9","hash":"a33c392c30654ecaa251c028215f127ba09ad50c"}
,"D:\\Universidad\\Ingenieria de Sistemas\\7 - Séptimo Semestre\\Proyecto Integrador 2\\Proyecto\\Frontend\\task-management\\src\\assets\\pages\\reset-password\\ResetPassword.jsx": {"path":"D:\\Universidad\\Ingenieria de Sistemas\\7 - Séptimo Semestre\\Proyecto Integrador 2\\Proyecto\\Frontend\\task-management\\src\\assets\\pages\\reset-password\\ResetPassword.jsx","statementMap":{"0":{"start":{"line":5,"column":22},"end":{"line":151,"column":1}},"1":{"start":{"line":6,"column":19},"end":{"line":6,"column":32}},"2":{"start":{"line":7,"column":25},"end":{"line":7,"column":42}},"3":{"start":{"line":9,"column":34},"end":{"line":9,"column":46}},"4":{"start":{"line":10,"column":48},"end":{"line":10,"column":60}},"5":{"start":{"line":12,"column":32},"end":{"line":12,"column":44}},"6":{"start":{"line":13,"column":28},"end":{"line":13,"column":43}},"7":{"start":{"line":14,"column":32},"end":{"line":14,"column":47}},"8":{"start":{"line":16,"column":19},"end":{"line":16,"column":53}},"9":{"start":{"line":19,"column":16},"end":{"line":19,"column":41}},"10":{"start":{"line":22,"column":2},"end":{"line":27,"column":14}},"11":{"start":{"line":23,"column":4},"end":{"line":26,"column":5}},"12":{"start":{"line":24,"column":6},"end":{"line":24,"column":47}},"13":{"start":{"line":25,"column":6},"end":{"line":25,"column":21}},"14":{"start":{"line":30,"column":27},"end":{"line":38,"column":3}},"15":{"start":{"line":31,"column":19},"end":{"line":31,"column":21}},"16":{"start":{"line":32,"column":4},"end":{"line":32,"column":51}},"17":{"start":{"line":32,"column":23},"end":{"line":32,"column":51}},"18":{"start":{"line":33,"column":4},"end":{"line":33,"column":52}},"19":{"start":{"line":33,"column":27},"end":{"line":33,"column":52}},"20":{"start":{"line":34,"column":4},"end":{"line":34,"column":52}},"21":{"start":{"line":34,"column":27},"end":{"line":34,"column":52}},"22":{"start":{"line":35,"column":4},"end":{"line":35,"column":49}},"23":{"start":{"line":35,"column":27},"end":{"line":35,"column":49}},"24":{"start":{"line":36,"column":4},"end":{"line":36,"column":52}},"25":{"start":{"line":36,"column":29},"end":{"line":36,"column":52}},"26":{"start":{"line":37,"column":4},"end":{"line":37,"column":18}},"27":{"start":{"line":41,"column":23},"end":{"line":98,"column":3}},"28":{"start":{"line":42,"column":4},"end":{"line":42,"column":23}},"29":{"start":{"line":44,"column":4},"end":{"line":44,"column":23}},"30":{"start":{"line":44,"column":16},"end":{"line":44,"column":23}},"31":{"start":{"line":46,"column":19},"end":{"line":46,"column":45}},"32":{"start":{"line":48,"column":4},"end":{"line":52,"column":5}},"33":{"start":{"line":49,"column":6},"end":{"line":49,"column":65}},"34":{"start":{"line":50,"column":6},"end":{"line":50,"column":21}},"35":{"start":{"line":51,"column":6},"end":{"line":51,"column":13}},"36":{"start":{"line":54,"column":4},"end":{"line":58,"column":5}},"37":{"start":{"line":55,"column":6},"end":{"line":55,"column":50}},"38":{"start":{"line":56,"column":6},"end":{"line":56,"column":21}},"39":{"start":{"line":57,"column":6},"end":{"line":57,"column":13}},"40":{"start":{"line":60,"column":4},"end":{"line":97,"column":5}},"41":{"start":{"line":61,"column":6},"end":{"line":61,"column":23}},"42":{"start":{"line":63,"column":18},"end":{"line":75,"column":7}},"43":{"start":{"line":77,"column":19},"end":{"line":77,"column":53}},"44":{"start":{"line":77,"column":49},"end":{"line":77,"column":51}},"45":{"start":{"line":79,"column":6},"end":{"line":83,"column":7}},"46":{"start":{"line":80,"column":8},"end":{"line":82,"column":10}},"47":{"start":{"line":85,"column":6},"end":{"line":85,"column":57}},"48":{"start":{"line":86,"column":6},"end":{"line":86,"column":22}},"49":{"start":{"line":88,"column":6},"end":{"line":90,"column":15}},"50":{"start":{"line":89,"column":8},"end":{"line":89,"column":27}},"51":{"start":{"line":93,"column":6},"end":{"line":93,"column":52}},"52":{"start":{"line":94,"column":6},"end":{"line":94,"column":21}},"53":{"start":{"line":96,"column":6},"end":{"line":96,"column":24}},"54":{"start":{"line":100,"column":2},"end":{"line":150,"column":4}},"55":{"start":{"line":125,"column":14},"end":{"line":125,"column":42}},"56":{"start":{"line":126,"column":14},"end":{"line":126,"column":29}},"57":{"start":{"line":136,"column":14},"end":{"line":136,"column":49}},"58":{"start":{"line":137,"column":14},"end":{"line":137,"column":29}}},"fnMap":{"0":{"name":"(anonymous_0)","decl":{"start":{"line":5,"column":22},"end":{"line":5,"column":23}},"loc":{"start":{"line":5,"column":28},"end":{"line":151,"column":1}},"line":5},"1":{"name":"(anonymous_1)","decl":{"start":{"line":22,"column":12},"end":{"line":22,"column":13}},"loc":{"start":{"line":22,"column":18},"end":{"line":27,"column":3}},"line":22},"2":{"name":"(anonymous_2)","decl":{"start":{"line":30,"column":27},"end":{"line":30,"column":28}},"loc":{"start":{"line":30,"column":35},"end":{"line":38,"column":3}},"line":30},"3":{"name":"(anonymous_3)","decl":{"start":{"line":41,"column":23},"end":{"line":41,"column":24}},"loc":{"start":{"line":41,"column":36},"end":{"line":98,"column":3}},"line":41},"4":{"name":"(anonymous_4)","decl":{"start":{"line":77,"column":42},"end":{"line":77,"column":43}},"loc":{"start":{"line":77,"column":49},"end":{"line":77,"column":51}},"line":77},"5":{"name":"(anonymous_5)","decl":{"start":{"line":88,"column":17},"end":{"line":88,"column":18}},"loc":{"start":{"line":88,"column":23},"end":{"line":90,"column":7}},"line":88},"6":{"name":"(anonymous_6)","decl":{"start":{"line":124,"column":22},"end":{"line":124,"column":23}},"loc":{"start":{"line":124,"column":29},"end":{"line":127,"column":13}},"line":124},"7":{"name":"(anonymous_7)","decl":{"start":{"line":135,"column":22},"end":{"line":135,"column":23}},"loc":{"start":{"line":135,"column":29},"end":{"line":138,"column":13}},"line":135}},"branchMap":{"0":{"loc":{"start":{"line":23,"column":4},"end":{"line":26,"column":5}},"type":"if","locations":[{"start":{"line":23,"column":4},"end":{"line":26,"column":5}},{"start":{},"end":{}}],"line":23},"1":{"loc":{"start":{"line":32,"column":4},"end":{"line":32,"column":51}},"type":"if","locations":[{"start":{"line":32,"column":4},"end":{"line":32,"column":51}},{"start":{},"end":{}}],"line":32},"2":{"loc":{"start":{"line":33,"column":4},"end":{"line":33,"column":52}},"type":"if","locations":[{"start":{"line":33,"column":4},"end":{"line":33,"column":52}},{"start":{},"end":{}}],"line":33},"3":{"loc":{"start":{"line":34,"column":4},"end":{"line":34,"column":52}},"type":"if","locations":[{"start":{"line":34,"column":4},"end":{"line":34,"column":52}},{"start":{},"end":{}}],"line":34},"4":{"loc":{"start":{"line":35,"column":4},"end":{"line":35,"column":49}},"type":"if","locations":[{"start":{"line":35,"column":4},"end":{"line":35,"column":49}},{"start":{},"end":{}}],"line":35},"5":{"loc":{"start":{"line":36,"column":4},"end":{"line":36,"column":52}},"type":"if","locations":[{"start":{"line":36,"column":4},"end":{"line":36,"column":52}},{"start":{},"end":{}}],"line":36},"6":{"loc":{"start":{"line":44,"column":4},"end":{"line":44,"column":23}},"type":"if","locations":[{"start":{"line":44,"column":4},"end":{"line":44,"column":23}},{"start":{},"end":{}}],"line":44},"7":{"loc":{"start":{"line":48,"column":4},"end":{"line":52,"column":5}},"type":"if","locations":[{"start":{"line":48,"column":4},"end":{"line":52,"column":5}},{"start":{},"end":{}}],"line":48},"8":{"loc":{"start":{"line":54,"column":4},"end":{"line":58,"column":5}},"type":"if","locations":[{"start":{"line":54,"column":4},"end":{"line":58,"column":5}},{"start":{},"end":{}}],"line":54},"9":{"loc":{"start":{"line":79,"column":6},"end":{"line":83,"column":7}},"type":"if","locations":[{"start":{"line":79,"column":6},"end":{"line":83,"column":7}},{"start":{},"end":{}}],"line":79},"10":{"loc":{"start":{"line":81,"column":10},"end":{"line":81,"column":51}},"type":"binary-expr","locations":[{"start":{"line":81,"column":10},"end":{"line":81,"column":22}},{"start":{"line":81,"column":26},"end":{"line":81,"column":51}}],"line":81},"11":{"loc":{"start":{"line":93,"column":17},"end":{"line":93,"column":50}},"type":"binary-expr","locations":[{"start":{"line":93,"column":17},"end":{"line":93,"column":28}},{"start":{"line":93,"column":32},"end":{"line":93,"column":50}}],"line":93},"12":{"loc":{"start":{"line":112,"column":9},"end":{"line":116,"column":9}},"type":"binary-expr","locations":[{"start":{"line":112,"column":9},"end":{"line":112,"column":16}},{"start":{"line":113,"column":10},"end":{"line":115,"column":16}}],"line":112},"13":{"loc":{"start":{"line":113,"column":31},"end":{"line":113,"column":54}},"type":"cond-expr","locations":[{"start":{"line":113,"column":39},"end":{"line":113,"column":44}},{"start":{"line":113,"column":47},"end":{"line":113,"column":54}}],"line":113},"14":{"loc":{"start":{"line":142,"column":42},"end":{"line":142,"column":59}},"type":"binary-expr","locations":[{"start":{"line":142,"column":42},"end":{"line":142,"column":49}},{"start":{"line":142,"column":53},"end":{"line":142,"column":59}}],"line":142},"15":{"loc":{"start":{"line":143,"column":13},"end":{"line":143,"column":60}},"type":"cond-expr","locations":[{"start":{"line":143,"column":23},"end":{"line":143,"column":37}},{"start":{"line":143,"column":40},"end":{"line":143,"column":60}}],"line":143}},"s":{"0":1,"1":8,"2":8,"3":8,"4":8,"5":8,"6":8,"7":8,"8":8,"9":8,"10":8,"11":1,"12":0,"13":0,"14":8,"15":2,"16":2,"17":1,"18":2,"19":0,"20":2,"21":1,"22":2,"23":1,"24":2,"25":1,"26":2,"27":8,"28":2,"29":2,"30":0,"31":2,"32":2,"33":1,"34":1,"35":1,"36":1,"37":0,"38":0,"39":0,"40":1,"41":1,"42":1,"43":1,"44":0,"45":1,"46":0,"47":1,"48":1,"49":1,"50":1,"51":0,"52":0,"53":1,"54":8,"55":2,"56":2,"57":2,"58":2},"f":{"0":8,"1":1,"2":2,"3":2,"4":0,"5":1,"6":2,"7":2},"b":{"0":[0,1],"1":[1,1],"2":[0,2],"3":[1,1],"4":[1,1],"5":[1,1],"6":[0,2],"7":[1,1],"8":[0,1],"9":[0,1],"10":[0,0],"11":[0,0],"12":[8,2],"13":[1,1],"14":[8,7],"15":[1,7]},"_coverageSchema":"1a1c01bbd47fc00a2c39e90264f33305004495a9","hash":"96562eb4c5d3e9b14e4019ff4aea4dc62e27a484"}
,"D:\\Universidad\\Ingenieria de Sistemas\\7 - Séptimo Semestre\\Proyecto Integrador 2\\Proyecto\\Frontend\\task-management\\src\\assets\\pages\\tasks\\Tasks.jsx": {"path":"D:\\Universidad\\Ingenieria de Sistemas\\7 - Séptimo Semestre\\Proyecto Integrador 2\\Proyecto\\Frontend\\task-management\\src\\assets\\pages\\tasks\\Tasks.jsx","statementMap":{"0":{"start":{"line":6,"column":14},"end":{"line":232,"column":1}},"1":{"start":{"line":7,"column":19},"end":{"line":7,"column":32}},"2":{"start":{"line":8,"column":28},"end":{"line":8,"column":40}},"3":{"start":{"line":9,"column":36},"end":{"line":9,"column":50}},"4":{"start":{"line":10,"column":42},"end":{"line":10,"column":57}},"5":{"start":{"line":11,"column":28},"end":{"line":11,"column":75}},"6":{"start":{"line":13,"column":23},"end":{"line":18,"column":3}},"7":{"start":{"line":20,"column":22},"end":{"line":20,"column":71}},"8":{"start":{"line":20,"column":34},"end":{"line":20,"column":71}},"9":{"start":{"line":23,"column":2},"end":{"line":45,"column":17}},"10":{"start":{"line":24,"column":22},"end":{"line":42,"column":5}},"11":{"start":{"line":25,"column":20},"end":{"line":25,"column":49}},"12":{"start":{"line":27,"column":6},"end":{"line":30,"column":7}},"13":{"start":{"line":28,"column":8},"end":{"line":28,"column":27}},"14":{"start":{"line":29,"column":8},"end":{"line":29,"column":15}},"15":{"start":{"line":32,"column":6},"end":{"line":41,"column":7}},"16":{"start":{"line":33,"column":8},"end":{"line":33,"column":27}},"17":{"start":{"line":35,"column":21},"end":{"line":35,"column":45}},"18":{"start":{"line":36,"column":8},"end":{"line":36,"column":29}},"19":{"start":{"line":38,"column":8},"end":{"line":38,"column":53}},"20":{"start":{"line":40,"column":8},"end":{"line":40,"column":28}},"21":{"start":{"line":44,"column":4},"end":{"line":44,"column":16}},"22":{"start":{"line":48,"column":24},"end":{"line":50,"column":56}},"23":{"start":{"line":50,"column":27},"end":{"line":50,"column":55}},"24":{"start":{"line":53,"column":16},"end":{"line":58,"column":3}},"25":{"start":{"line":55,"column":31},"end":{"line":55,"column":55}},"26":{"start":{"line":56,"column":34},"end":{"line":56,"column":57}},"27":{"start":{"line":57,"column":33},"end":{"line":57,"column":58}},"28":{"start":{"line":60,"column":27},"end":{"line":62,"column":3}},"29":{"start":{"line":61,"column":4},"end":{"line":61,"column":41}},"30":{"start":{"line":64,"column":24},"end":{"line":73,"column":3}},"31":{"start":{"line":65,"column":18},"end":{"line":65,"column":47}},"32":{"start":{"line":66,"column":4},"end":{"line":72,"column":5}},"33":{"start":{"line":67,"column":6},"end":{"line":67,"column":40}},"34":{"start":{"line":68,"column":6},"end":{"line":68,"column":54}},"35":{"start":{"line":68,"column":33},"end":{"line":68,"column":51}},"36":{"start":{"line":69,"column":6},"end":{"line":69,"column":54}},"37":{"start":{"line":71,"column":6},"end":{"line":71,"column":52}},"38":{"start":{"line":75,"column":21},"end":{"line":77,"column":3}},"39":{"start":{"line":76,"column":4},"end":{"line":76,"column":52}},"40":{"start":{"line":79,"column":2},"end":{"line":231,"column":4}},"41":{"start":{"line":88,"column":25},"end":{"line":88,"column":49}},"42":{"start":{"line":123,"column":10},"end":{"line":129,"column":19}},"43":{"start":{"line":126,"column":27},"end":{"line":126,"column":50}},"44":{"start":{"line":150,"column":31},"end":{"line":150,"column":55}},"45":{"start":{"line":158,"column":16},"end":{"line":192,"column":22}},"46":{"start":{"line":181,"column":37},"end":{"line":181,"column":82}},"47":{"start":{"line":187,"column":37},"end":{"line":187,"column":75}},"48":{"start":{"line":201,"column":57},"end":{"line":201,"column":76}}},"fnMap":{"0":{"name":"(anonymous_0)","decl":{"start":{"line":6,"column":14},"end":{"line":6,"column":15}},"loc":{"start":{"line":6,"column":20},"end":{"line":232,"column":1}},"line":6},"1":{"name":"(anonymous_1)","decl":{"start":{"line":20,"column":22},"end":{"line":20,"column":23}},"loc":{"start":{"line":20,"column":34},"end":{"line":20,"column":71}},"line":20},"2":{"name":"(anonymous_2)","decl":{"start":{"line":23,"column":12},"end":{"line":23,"column":13}},"loc":{"start":{"line":23,"column":18},"end":{"line":45,"column":3}},"line":23},"3":{"name":"(anonymous_3)","decl":{"start":{"line":24,"column":22},"end":{"line":24,"column":23}},"loc":{"start":{"line":24,"column":34},"end":{"line":42,"column":5}},"line":24},"4":{"name":"(anonymous_4)","decl":{"start":{"line":50,"column":19},"end":{"line":50,"column":20}},"loc":{"start":{"line":50,"column":27},"end":{"line":50,"column":55}},"line":50},"5":{"name":"(anonymous_5)","decl":{"start":{"line":55,"column":26},"end":{"line":55,"column":27}},"loc":{"start":{"line":55,"column":31},"end":{"line":55,"column":55}},"line":55},"6":{"name":"(anonymous_6)","decl":{"start":{"line":56,"column":29},"end":{"line":56,"column":30}},"loc":{"start":{"line":56,"column":34},"end":{"line":56,"column":57}},"line":56},"7":{"name":"(anonymous_7)","decl":{"start":{"line":57,"column":28},"end":{"line":57,"column":29}},"loc":{"start":{"line":57,"column":33},"end":{"line":57,"column":58}},"line":57},"8":{"name":"(anonymous_8)","decl":{"start":{"line":60,"column":27},"end":{"line":60,"column":28}},"loc":{"start":{"line":60,"column":41},"end":{"line":62,"column":3}},"line":60},"9":{"name":"(anonymous_9)","decl":{"start":{"line":64,"column":24},"end":{"line":64,"column":25}},"loc":{"start":{"line":64,"column":36},"end":{"line":73,"column":3}},"line":64},"10":{"name":"(anonymous_10)","decl":{"start":{"line":68,"column":28},"end":{"line":68,"column":29}},"loc":{"start":{"line":68,"column":33},"end":{"line":68,"column":51}},"line":68},"11":{"name":"(anonymous_11)","decl":{"start":{"line":75,"column":21},"end":{"line":75,"column":22}},"loc":{"start":{"line":75,"column":27},"end":{"line":77,"column":3}},"line":75},"12":{"name":"(anonymous_12)","decl":{"start":{"line":88,"column":19},"end":{"line":88,"column":20}},"loc":{"start":{"line":88,"column":25},"end":{"line":88,"column":49}},"line":88},"13":{"name":"(anonymous_13)","decl":{"start":{"line":122,"column":60},"end":{"line":122,"column":61}},"loc":{"start":{"line":123,"column":10},"end":{"line":129,"column":19}},"line":123},"14":{"name":"(anonymous_14)","decl":{"start":{"line":126,"column":21},"end":{"line":126,"column":22}},"loc":{"start":{"line":126,"column":27},"end":{"line":126,"column":50}},"line":126},"15":{"name":"(anonymous_15)","decl":{"start":{"line":150,"column":25},"end":{"line":150,"column":26}},"loc":{"start":{"line":150,"column":31},"end":{"line":150,"column":55}},"line":150},"16":{"name":"(anonymous_16)","decl":{"start":{"line":157,"column":33},"end":{"line":157,"column":34}},"loc":{"start":{"line":158,"column":16},"end":{"line":192,"column":22}},"line":158},"17":{"name":"(anonymous_17)","decl":{"start":{"line":181,"column":31},"end":{"line":181,"column":32}},"loc":{"start":{"line":181,"column":37},"end":{"line":181,"column":82}},"line":181},"18":{"name":"(anonymous_18)","decl":{"start":{"line":187,"column":31},"end":{"line":187,"column":32}},"loc":{"start":{"line":187,"column":37},"end":{"line":187,"column":75}},"line":187},"19":{"name":"(anonymous_19)","decl":{"start":{"line":201,"column":50},"end":{"line":201,"column":51}},"loc":{"start":{"line":201,"column":57},"end":{"line":201,"column":76}},"line":201}},"branchMap":{"0":{"loc":{"start":{"line":27,"column":6},"end":{"line":30,"column":7}},"type":"if","locations":[{"start":{"line":27,"column":6},"end":{"line":30,"column":7}},{"start":{},"end":{}}],"line":27},"1":{"loc":{"start":{"line":36,"column":17},"end":{"line":36,"column":27}},"type":"binary-expr","locations":[{"start":{"line":36,"column":17},"end":{"line":36,"column":21}},{"start":{"line":36,"column":25},"end":{"line":36,"column":27}}],"line":36},"2":{"loc":{"start":{"line":48,"column":24},"end":{"line":50,"column":56}},"type":"cond-expr","locations":[{"start":{"line":49,"column":6},"end":{"line":49,"column":11}},{"start":{"line":50,"column":6},"end":{"line":50,"column":56}}],"line":48},"3":{"loc":{"start":{"line":125,"column":37},"end":{"line":125,"column":76}},"type":"cond-expr","locations":[{"start":{"line":125,"column":63},"end":{"line":125,"column":71}},{"start":{"line":125,"column":74},"end":{"line":125,"column":76}}],"line":125},"4":{"loc":{"start":{"line":133,"column":7},"end":{"line":197,"column":7}},"type":"cond-expr","locations":[{"start":{"line":134,"column":8},"end":{"line":137,"column":14}},{"start":{"line":139,"column":8},"end":{"line":196,"column":11}}],"line":133},"5":{"loc":{"start":{"line":140,"column":11},"end":{"line":195,"column":11}},"type":"cond-expr","locations":[{"start":{"line":141,"column":12},"end":{"line":154,"column":18}},{"start":{"line":156,"column":12},"end":{"line":194,"column":18}}],"line":140},"6":{"loc":{"start":{"line":144,"column":17},"end":{"line":146,"column":103}},"type":"cond-expr","locations":[{"start":{"line":145,"column":20},"end":{"line":145,"column":55}},{"start":{"line":146,"column":20},"end":{"line":146,"column":103}}],"line":144},"7":{"loc":{"start":{"line":146,"column":37},"end":{"line":146,"column":101}},"type":"cond-expr","locations":[{"start":{"line":146,"column":69},"end":{"line":146,"column":82}},{"start":{"line":146,"column":85},"end":{"line":146,"column":101}}],"line":146},"8":{"loc":{"start":{"line":158,"column":26},"end":{"line":158,"column":45}},"type":"binary-expr","locations":[{"start":{"line":158,"column":26},"end":{"line":158,"column":34}},{"start":{"line":158,"column":38},"end":{"line":158,"column":45}}],"line":158},"9":{"loc":{"start":{"line":162,"column":23},"end":{"line":162,"column":65}},"type":"binary-expr","locations":[{"start":{"line":162,"column":23},"end":{"line":162,"column":50}},{"start":{"line":162,"column":54},"end":{"line":162,"column":65}}],"line":162},"10":{"loc":{"start":{"line":163,"column":23},"end":{"line":163,"column":66}},"type":"binary-expr","locations":[{"start":{"line":163,"column":23},"end":{"line":163,"column":49}},{"start":{"line":163,"column":53},"end":{"line":163,"column":66}}],"line":163},"11":{"loc":{"start":{"line":164,"column":23},"end":{"line":164,"column":67}},"type":"binary-expr","locations":[{"start":{"line":164,"column":23},"end":{"line":164,"column":51}},{"start":{"line":164,"column":55},"end":{"line":164,"column":67}}],"line":164},"12":{"loc":{"start":{"line":168,"column":19},"end":{"line":170,"column":19}},"type":"binary-expr","locations":[{"start":{"line":168,"column":19},"end":{"line":168,"column":35}},{"start":{"line":169,"column":20},"end":{"line":169,"column":74}}],"line":168},"13":{"loc":{"start":{"line":172,"column":19},"end":{"line":176,"column":19}},"type":"binary-expr","locations":[{"start":{"line":172,"column":19},"end":{"line":172,"column":31}},{"start":{"line":173,"column":20},"end":{"line":175,"column":24}}],"line":172},"14":{"loc":{"start":{"line":181,"column":60},"end":{"line":181,"column":79}},"type":"binary-expr","locations":[{"start":{"line":181,"column":60},"end":{"line":181,"column":68}},{"start":{"line":181,"column":72},"end":{"line":181,"column":79}}],"line":181},"15":{"loc":{"start":{"line":199,"column":7},"end":{"line":229,"column":7}},"type":"binary-expr","locations":[{"start":{"line":199,"column":7},"end":{"line":199,"column":19}},{"start":{"line":200,"column":8},"end":{"line":228,"column":14}}],"line":199}},"s":{"0":1,"1":4,"2":4,"3":4,"4":4,"5":4,"6":4,"7":4,"8":4,"9":4,"10":1,"11":1,"12":1,"13":0,"14":0,"15":1,"16":1,"17":1,"18":1,"19":0,"20":1,"21":1,"22":4,"23":4,"24":4,"25":6,"26":6,"27":6,"28":4,"29":1,"30":4,"31":1,"32":1,"33":1,"34":1,"35":2,"36":1,"37":0,"38":4,"39":0,"40":4,"41":0,"42":16,"43":1,"44":0,"45":4,"46":0,"47":1,"48":1},"f":{"0":4,"1":4,"2":1,"3":1,"4":4,"5":6,"6":6,"7":6,"8":1,"9":1,"10":2,"11":0,"12":0,"13":16,"14":1,"15":0,"16":4,"17":0,"18":1,"19":1},"b":{"0":[0,1],"1":[1,0],"2":[2,2],"3":[4,12],"4":[1,3],"5":[0,3],"6":[0,0],"7":[0,0],"8":[4,0],"9":[4,1],"10":[4,0],"11":[4,3],"12":[4,1],"13":[4,0],"14":[0,0],"15":[4,1]},"_coverageSchema":"1a1c01bbd47fc00a2c39e90264f33305004495a9","hash":"e2d70363d4fe362f0557bf3d2f6296d7f0c0bb2e"}
}
