TN:
SF:src\assets\components\Sidebar.jsx
FN:7,(anonymous_0)
FN:15,(anonymous_1)
FN:16,(anonymous_2)
FN:39,(anonymous_3)
FN:70,(anonymous_4)
FN:71,(anonymous_5)
FN:72,(anonymous_6)
FN:76,(anonymous_7)
FN:85,(anonymous_8)
FN:87,(anonymous_9)
FN:97,(anonymous_10)
FNF:11
FNH:7
FNDA:3,(anonymous_0)
FNDA:1,(anonymous_1)
FNDA:1,(anonymous_2)
FNDA:1,(anonymous_3)
FNDA:0,(anonymous_4)
FNDA:0,(anonymous_5)
FNDA:0,(anonymous_6)
FNDA:1,(anonymous_7)
FNDA:2,(anonymous_8)
FNDA:1,(anonymous_9)
FNDA:0,(anonymous_10)
DA:7,1
DA:8,3
DA:9,3
DA:10,3
DA:12,3
DA:15,3
DA:16,1
DA:17,1
DA:18,1
DA:19,1
DA:20,0
DA:21,0
DA:24,1
DA:25,1
DA:27,1
DA:28,1
DA:31,0
DA:35,1
DA:39,3
DA:40,1
DA:41,1
DA:42,1
DA:45,3
DA:70,0
DA:71,0
DA:72,0
DA:76,1
DA:86,2
DA:87,1
DA:97,0
LF:30
LH:23
BRDA:19,0,0,0
BRDA:19,0,1,1
BRDA:52,1,0,2
BRDA:52,1,1,1
BRDA:80,2,0,3
BRDA:80,2,1,1
BRDA:82,3,0,0
BRDA:82,3,1,1
BRF:8
BRH:6
end_of_record
TN:
SF:src\assets\layout\Layout.jsx
FN:7,(anonymous_0)
FN:8,(anonymous_1)
FN:11,(anonymous_2)
FNF:3
FNH:3
FNDA:1,(anonymous_0)
FNDA:1,(anonymous_1)
FNDA:1,(anonymous_2)
DA:7,1
DA:8,1
DA:9,1
DA:11,1
DA:12,1
DA:16,1
LF:6
LH:6
BRF:0
BRH:0
end_of_record
TN:
SF:src\assets\layout\footer\Footer.jsx
FN:4,(anonymous_0)
FNF:1
FNH:1
FNDA:2,(anonymous_0)
DA:4,1
DA:5,2
DA:7,2
LF:3
LH:3
BRF:0
BRH:0
end_of_record
TN:
SF:src\assets\layout\header\Header.jsx
FN:5,Navbar
FN:13,(anonymous_1)
FN:20,(anonymous_2)
FN:31,(anonymous_3)
FN:34,(anonymous_4)
FN:37,(anonymous_5)
FN:40,(anonymous_6)
FN:46,(anonymous_7)
FN:49,(anonymous_8)
FNF:9
FNH:2
FNDA:4,Navbar
FNDA:0,(anonymous_1)
FNDA:1,(anonymous_2)
FNDA:0,(anonymous_3)
FNDA:0,(anonymous_4)
FNDA:0,(anonymous_5)
FNDA:0,(anonymous_6)
FNDA:0,(anonymous_7)
FNDA:0,(anonymous_8)
DA:6,4
DA:7,4
DA:9,4
DA:13,0
DA:20,1
DA:31,0
DA:34,0
DA:37,0
DA:40,0
DA:46,0
DA:49,0
LF:11
LH:4
BRDA:29,0,0,1
BRDA:29,0,1,3
BRDA:30,1,0,0
BRDA:30,1,1,1
BRDA:45,2,0,1
BRDA:45,2,1,2
BRF:6
BRH:5
end_of_record
TN:
SF:src\assets\pages\about\About.jsx
FN:3,(anonymous_0)
FNF:1
FNH:1
FNDA:1,(anonymous_0)
DA:3,1
DA:4,1
LF:2
LH:2
BRF:0
BRH:0
end_of_record
TN:
SF:src\assets\pages\contact\Contact.jsx
FN:3,(anonymous_0)
FN:69,(anonymous_1)
FN:88,(anonymous_2)
FNF:3
FNH:1
FNDA:1,(anonymous_0)
FNDA:0,(anonymous_1)
FNDA:0,(anonymous_2)
DA:3,1
DA:4,1
DA:69,0
DA:88,0
LF:4
LH:2
BRF:0
BRH:0
end_of_record
TN:
SF:src\assets\pages\create-list\CreateList.jsx
FN:6,(anonymous_0)
FN:12,(anonymous_1)
FN:20,(anonymous_2)
FN:64,(anonymous_3)
FN:77,(anonymous_4)
FNF:5
FNH:4
FNDA:6,(anonymous_0)
FNDA:2,(anonymous_1)
FNDA:2,(anonymous_2)
FNDA:1,(anonymous_3)
FNDA:0,(anonymous_4)
DA:6,1
DA:7,6
DA:8,6
DA:9,6
DA:10,6
DA:12,6
DA:13,2
DA:14,2
DA:15,0
DA:16,0
DA:20,6
DA:21,2
DA:22,2
DA:24,2
DA:25,1
DA:26,1
DA:29,1
DA:30,1
DA:32,1
DA:33,1
DA:34,1
DA:36,0
DA:37,0
DA:39,1
DA:43,6
DA:64,1
DA:77,0
LF:27
LH:22
BRDA:14,0,0,0
BRDA:14,0,1,2
BRDA:24,1,0,1
BRDA:24,1,1,1
BRDA:36,2,0,0
BRDA:36,2,1,0
BRDA:71,3,0,6
BRDA:71,3,1,1
BRDA:87,4,0,1
BRDA:87,4,1,5
BRF:10
BRH:7
end_of_record
TN:
SF:src\assets\pages\create-task\CreateTask.jsx
FN:7,(anonymous_0)
FN:14,(anonymous_1)
FN:23,(anonymous_2)
FN:31,(anonymous_3)
FN:44,(anonymous_4)
FN:64,(anonymous_5)
FN:96,(anonymous_6)
FN:109,(anonymous_7)
FN:124,(anonymous_8)
FN:135,(anonymous_9)
FN:147,(anonymous_10)
FN:150,(anonymous_11)
FN:163,(anonymous_12)
FN:187,(anonymous_13)
FNF:14
FNH:10
FNDA:7,(anonymous_0)
FNDA:1,(anonymous_1)
FNDA:1,(anonymous_2)
FNDA:1,(anonymous_3)
FNDA:1,(anonymous_4)
FNDA:1,(anonymous_5)
FNDA:0,(anonymous_6)
FNDA:1,(anonymous_7)
FNDA:1,(anonymous_8)
FNDA:1,(anonymous_9)
FNDA:0,(anonymous_10)
FNDA:6,(anonymous_11)
FNDA:0,(anonymous_12)
FNDA:0,(anonymous_13)
DA:7,1
DA:8,7
DA:9,7
DA:10,7
DA:11,7
DA:12,7
DA:13,7
DA:14,7
DA:16,1
DA:18,7
DA:19,7
DA:20,7
DA:23,7
DA:24,1
DA:25,1
DA:26,0
DA:27,0
DA:31,1
DA:32,1
DA:33,1
DA:34,1
DA:36,0
DA:40,1
DA:44,7
DA:45,1
DA:46,1
DA:47,0
DA:48,1
DA:49,0
DA:51,1
DA:52,1
DA:53,1
DA:54,1
DA:55,1
DA:56,0
DA:59,1
DA:60,1
DA:64,7
DA:65,1
DA:66,1
DA:68,1
DA:69,1
DA:70,1
DA:72,1
DA:73,1
DA:79,1
DA:81,0
DA:82,0
DA:84,1
DA:88,7
DA:96,0
DA:109,1
DA:124,1
DA:135,1
DA:147,0
DA:151,6
DA:163,0
DA:187,0
LF:58
LH:46
BRDA:16,0,0,1
BRDA:16,0,1,0
BRDA:25,1,0,0
BRDA:25,1,1,1
BRDA:34,2,0,1
BRDA:34,2,1,0
BRDA:46,3,0,0
BRDA:46,3,1,1
BRDA:48,4,0,0
BRDA:48,4,1,1
BRDA:51,5,0,1
BRDA:51,5,1,0
BRDA:55,6,0,0
BRDA:55,6,1,1
BRDA:66,7,0,0
BRDA:66,7,1,1
BRDA:73,8,0,1
BRDA:73,8,1,0
BRDA:76,9,0,1
BRDA:76,9,1,0
BRDA:112,10,0,0
BRDA:112,10,1,7
BRDA:115,11,0,7
BRDA:115,11,1,0
BRDA:137,12,0,0
BRDA:137,12,1,7
BRDA:139,13,0,7
BRDA:139,13,1,0
BRDA:171,14,0,7
BRDA:171,14,1,0
BRDA:183,15,0,1
BRDA:183,15,1,6
BRF:32
BRH:17
end_of_record
TN:
SF:src\assets\pages\dashboard\Dashboard.jsx
FN:15,(anonymous_0)
FN:23,(anonymous_1)
FN:34,(anonymous_2)
FN:36,(anonymous_3)
FN:41,(anonymous_4)
FN:52,(anonymous_5)
FN:64,(anonymous_6)
FN:73,(anonymous_7)
FN:77,(anonymous_8)
FN:81,(anonymous_9)
FN:85,(anonymous_10)
FN:95,(anonymous_11)
FN:103,(anonymous_12)
FN:123,(anonymous_13)
FN:127,(anonymous_14)
FN:131,(anonymous_15)
FN:160,(anonymous_16)
FN:168,(anonymous_17)
FN:176,(anonymous_18)
FN:187,(anonymous_19)
FN:245,(anonymous_20)
FN:257,(anonymous_21)
FN:282,(anonymous_22)
FN:296,(anonymous_23)
FN:317,(anonymous_24)
FN:342,(anonymous_25)
FN:356,(anonymous_26)
FN:374,(anonymous_27)
FN:421,(anonymous_28)
FN:436,(anonymous_29)
FNF:30
FNH:13
FNDA:5,(anonymous_0)
FNDA:3,(anonymous_1)
FNDA:15,(anonymous_2)
FNDA:9,(anonymous_3)
FNDA:2,(anonymous_4)
FNDA:1,(anonymous_5)
FNDA:2,(anonymous_6)
FNDA:0,(anonymous_7)
FNDA:0,(anonymous_8)
FNDA:0,(anonymous_9)
FNDA:0,(anonymous_10)
FNDA:0,(anonymous_11)
FNDA:0,(anonymous_12)
FNDA:0,(anonymous_13)
FNDA:1,(anonymous_14)
FNDA:1,(anonymous_15)
FNDA:6,(anonymous_16)
FNDA:1,(anonymous_17)
FNDA:0,(anonymous_18)
FNDA:0,(anonymous_19)
FNDA:0,(anonymous_20)
FNDA:0,(anonymous_21)
FNDA:3,(anonymous_22)
FNDA:1,(anonymous_23)
FNDA:0,(anonymous_24)
FNDA:0,(anonymous_25)
FNDA:0,(anonymous_26)
FNDA:0,(anonymous_27)
FNDA:0,(anonymous_28)
FNDA:0,(anonymous_29)
DA:15,1
DA:16,5
DA:17,5
DA:18,5
DA:19,5
DA:20,5
DA:21,5
DA:22,5
DA:23,5
DA:24,5
DA:28,5
DA:34,5
DA:35,15
DA:36,9
DA:38,15
DA:41,5
DA:42,2
DA:43,2
DA:44,2
DA:45,2
DA:46,2
DA:48,0
DA:52,5
DA:53,1
DA:54,1
DA:55,1
DA:56,1
DA:57,1
DA:60,0
DA:64,5
DA:65,2
DA:66,2
DA:67,1
DA:68,1
DA:70,1
DA:73,5
DA:74,0
DA:77,5
DA:78,0
DA:81,5
DA:82,0
DA:85,5
DA:86,0
DA:87,0
DA:89,0
DA:90,0
DA:91,0
DA:92,0
DA:93,0
DA:94,0
DA:95,0
DA:97,0
DA:99,0
DA:103,5
DA:104,0
DA:105,0
DA:107,0
DA:108,0
DA:109,0
DA:112,0
DA:113,0
DA:114,0
DA:115,0
DA:117,0
DA:119,0
DA:123,5
DA:124,0
DA:127,5
DA:128,1
DA:129,1
DA:130,1
DA:131,1
DA:133,0
DA:137,5
DA:161,6
DA:162,6
DA:163,6
DA:168,1
DA:176,0
DA:187,0
DA:245,0
DA:257,0
DA:283,3
DA:296,1
DA:317,0
DA:343,0
DA:357,0
DA:374,0
DA:421,0
DA:436,0
LF:90
LH:51
BRDA:24,0,0,3
BRDA:24,0,1,2
BRDA:36,1,0,9
BRDA:36,1,1,0
BRDA:45,2,0,2
BRDA:45,2,1,0
BRDA:56,3,0,1
BRDA:56,3,1,0
BRDA:66,4,0,1
BRDA:66,4,1,1
BRDA:90,5,0,0
BRDA:90,5,1,0
BRDA:93,6,0,0
BRDA:93,6,1,0
BRDA:107,7,0,0
BRDA:107,7,1,0
BRDA:113,8,0,0
BRDA:113,8,1,0
BRDA:131,9,0,1
BRDA:131,9,1,0
BRDA:154,10,0,2
BRDA:154,10,1,3
BRDA:161,11,0,6
BRDA:161,11,1,0
BRDA:162,12,0,6
BRDA:162,12,1,6
BRDA:162,13,0,6
BRDA:162,13,1,0
BRDA:167,14,0,3
BRDA:167,14,1,3
BRDA:209,15,0,3
BRDA:209,15,1,2
BRDA:236,16,0,3
BRDA:236,16,1,0
BRDA:244,17,0,3
BRDA:244,17,1,0
BRDA:256,18,0,0
BRDA:256,18,1,3
BRDA:270,19,0,3
BRDA:270,19,1,0
BRDA:272,20,0,0
BRDA:272,20,1,3
BRDA:288,21,0,3
BRDA:288,21,1,3
BRDA:332,22,0,0
BRDA:332,22,1,0
BRDA:353,23,0,0
BRDA:353,23,1,0
BRDA:384,24,0,0
BRDA:384,24,1,0
BRDA:389,25,0,0
BRDA:389,25,1,0
BRDA:390,26,0,0
BRDA:390,26,1,0
BRDA:391,27,0,0
BRDA:391,27,1,0
BRDA:419,28,0,5
BRDA:419,28,1,0
BRDA:422,29,0,0
BRDA:422,29,1,0
BRDA:465,30,0,0
BRDA:465,30,1,0
BRF:62
BRH:26
end_of_record
TN:
SF:src\assets\pages\edit-profile\EditProfile.jsx
FN:8,(anonymous_0)
FN:20,(anonymous_1)
FN:21,(anonymous_2)
FN:50,(anonymous_3)
FN:58,(anonymous_4)
FNF:5
FNH:5
FNDA:3,(anonymous_0)
FNDA:1,(anonymous_1)
FNDA:1,(anonymous_2)
FNDA:1,(anonymous_3)
FNDA:1,(anonymous_4)
DA:8,1
DA:10,3
DA:17,3
DA:20,3
DA:21,1
DA:22,1
DA:24,1
DA:25,0
DA:26,0
DA:29,1
DA:30,1
DA:32,1
DA:34,1
DA:42,0
DA:46,1
DA:50,3
DA:51,1
DA:58,3
DA:59,1
DA:61,1
DA:63,1
DA:64,1
DA:65,1
DA:66,1
DA:67,1
DA:69,1
DA:70,1
DA:71,1
DA:73,0
DA:74,0
DA:78,3
LF:31
LH:26
BRDA:24,0,0,0
BRDA:24,0,1,1
BRDA:35,1,0,1
BRDA:35,1,1,0
BRDA:36,2,0,1
BRDA:36,2,1,0
BRDA:37,3,0,1
BRDA:37,3,1,0
BRDA:38,4,0,1
BRDA:38,4,1,0
BRDA:64,5,0,1
BRDA:64,5,1,0
BRDA:65,6,0,1
BRDA:65,6,1,0
BRDA:66,7,0,1
BRDA:66,7,1,0
BRDA:67,8,0,1
BRDA:67,8,1,0
BRF:18
BRH:9
end_of_record
TN:
SF:src\assets\pages\landing\LandingPage.jsx
FN:6,LandingPage
FN:10,(anonymous_1)
FN:11,(anonymous_2)
FN:45,(anonymous_3)
FN:52,(anonymous_4)
FN:62,(anonymous_5)
FNF:6
FNH:3
FNDA:3,LandingPage
FNDA:2,(anonymous_1)
FNDA:2,(anonymous_2)
FNDA:0,(anonymous_3)
FNDA:0,(anonymous_4)
FNDA:0,(anonymous_5)
DA:7,3
DA:8,3
DA:10,3
DA:11,2
DA:12,2
DA:13,2
DA:14,1
DA:15,1
DA:18,1
DA:19,1
DA:20,1
DA:22,0
DA:23,0
DA:27,2
DA:30,3
DA:45,0
DA:52,0
DA:62,0
LF:18
LH:13
BRDA:13,0,0,1
BRDA:13,0,1,1
BRDA:41,1,0,2
BRDA:41,1,1,1
BRF:4
BRH:4
end_of_record
TN:
SF:src\assets\pages\login\Login.jsx
FN:6,(anonymous_0)
FN:16,(anonymous_1)
FN:23,(anonymous_2)
FN:60,(anonymous_3)
FNF:4
FNH:3
FNDA:7,(anonymous_0)
FNDA:2,(anonymous_1)
FNDA:2,(anonymous_2)
FNDA:0,(anonymous_3)
DA:6,1
DA:7,7
DA:8,7
DA:12,7
DA:13,7
DA:14,7
DA:16,7
DA:17,2
DA:23,7
DA:24,2
DA:26,2
DA:27,1
DA:28,1
DA:29,1
DA:32,1
DA:33,1
DA:35,1
DA:36,1
DA:37,1
DA:39,1
DA:40,0
DA:43,1
DA:45,1
DA:46,1
DA:48,0
DA:49,0
DA:51,1
DA:55,7
DA:60,0
LF:29
LH:25
BRDA:26,0,0,1
BRDA:26,0,1,1
BRDA:26,1,0,2
BRDA:26,1,1,1
BRDA:37,2,0,1
BRDA:37,2,1,0
BRDA:39,3,0,0
BRDA:39,3,1,1
BRDA:48,4,0,0
BRDA:48,4,1,0
BRDA:105,5,0,7
BRDA:105,5,1,1
BRDA:106,6,0,1
BRDA:106,6,1,0
BRDA:112,7,0,1
BRDA:112,7,1,6
BRF:16
BRH:11
end_of_record
TN:
SF:src\assets\pages\recover-password\RecoverPassword.jsx
FN:4,(anonymous_0)
FN:13,(anonymous_1)
FN:19,(anonymous_2)
FN:45,(anonymous_3)
FN:83,(anonymous_4)
FNF:5
FNH:4
FNDA:5,(anonymous_0)
FNDA:2,(anonymous_1)
FNDA:2,(anonymous_2)
FNDA:0,(anonymous_3)
FNDA:2,(anonymous_4)
DA:4,1
DA:6,5
DA:7,5
DA:8,5
DA:10,5
DA:13,5
DA:14,2
DA:15,2
DA:19,5
DA:20,2
DA:22,2
DA:23,1
DA:24,1
DA:25,1
DA:28,1
DA:29,1
DA:40,1
DA:41,1
DA:42,1
DA:43,1
DA:45,0
DA:46,0
DA:49,0
DA:53,0
DA:54,0
DA:58,5
DA:83,2
LF:27
LH:22
BRDA:22,0,0,1
BRDA:22,0,1,1
BRDA:40,1,0,1
BRDA:40,1,1,0
BRDA:47,2,0,0
BRDA:47,2,1,0
BRDA:70,3,0,5
BRDA:70,3,1,3
BRDA:71,4,0,2
BRDA:71,4,1,1
BRF:10
BRH:7
end_of_record
TN:
SF:src\assets\pages\reset-password\ResetPassword.jsx
FN:5,(anonymous_0)
FN:22,(anonymous_1)
FN:30,(anonymous_2)
FN:41,(anonymous_3)
FN:77,(anonymous_4)
FN:88,(anonymous_5)
FN:124,(anonymous_6)
FN:135,(anonymous_7)
FNF:8
FNH:7
FNDA:8,(anonymous_0)
FNDA:1,(anonymous_1)
FNDA:2,(anonymous_2)
FNDA:2,(anonymous_3)
FNDA:0,(anonymous_4)
FNDA:1,(anonymous_5)
FNDA:2,(anonymous_6)
FNDA:2,(anonymous_7)
DA:5,1
DA:6,8
DA:7,8
DA:9,8
DA:10,8
DA:12,8
DA:13,8
DA:14,8
DA:16,8
DA:19,8
DA:22,8
DA:23,1
DA:24,0
DA:25,0
DA:30,8
DA:31,2
DA:32,2
DA:33,2
DA:34,2
DA:35,2
DA:36,2
DA:37,2
DA:41,8
DA:42,2
DA:44,2
DA:46,2
DA:48,2
DA:49,1
DA:50,1
DA:51,1
DA:54,1
DA:55,0
DA:56,0
DA:57,0
DA:60,1
DA:61,1
DA:63,1
DA:77,1
DA:79,1
DA:80,0
DA:85,1
DA:86,1
DA:88,1
DA:89,1
DA:93,0
DA:94,0
DA:96,1
DA:100,8
DA:125,2
DA:126,2
DA:136,2
DA:137,2
LF:52
LH:44
BRDA:23,0,0,0
BRDA:23,0,1,1
BRDA:32,1,0,1
BRDA:32,1,1,1
BRDA:33,2,0,0
BRDA:33,2,1,2
BRDA:34,3,0,1
BRDA:34,3,1,1
BRDA:35,4,0,1
BRDA:35,4,1,1
BRDA:36,5,0,1
BRDA:36,5,1,1
BRDA:44,6,0,0
BRDA:44,6,1,2
BRDA:48,7,0,1
BRDA:48,7,1,1
BRDA:54,8,0,0
BRDA:54,8,1,1
BRDA:79,9,0,0
BRDA:79,9,1,1
BRDA:81,10,0,0
BRDA:81,10,1,0
BRDA:93,11,0,0
BRDA:93,11,1,0
BRDA:112,12,0,8
BRDA:112,12,1,2
BRDA:113,13,0,1
BRDA:113,13,1,1
BRDA:142,14,0,8
BRDA:142,14,1,7
BRDA:143,15,0,1
BRDA:143,15,1,7
BRF:32
BRH:23
end_of_record
TN:
SF:src\assets\pages\tasks\Tasks.jsx
FN:6,(anonymous_0)
FN:20,(anonymous_1)
FN:23,(anonymous_2)
FN:24,(anonymous_3)
FN:50,(anonymous_4)
FN:55,(anonymous_5)
FN:56,(anonymous_6)
FN:57,(anonymous_7)
FN:60,(anonymous_8)
FN:64,(anonymous_9)
FN:68,(anonymous_10)
FN:75,(anonymous_11)
FN:88,(anonymous_12)
FN:122,(anonymous_13)
FN:126,(anonymous_14)
FN:150,(anonymous_15)
FN:157,(anonymous_16)
FN:181,(anonymous_17)
FN:187,(anonymous_18)
FN:201,(anonymous_19)
FNF:20
FNH:16
FNDA:4,(anonymous_0)
FNDA:4,(anonymous_1)
FNDA:1,(anonymous_2)
FNDA:1,(anonymous_3)
FNDA:4,(anonymous_4)
FNDA:6,(anonymous_5)
FNDA:6,(anonymous_6)
FNDA:6,(anonymous_7)
FNDA:1,(anonymous_8)
FNDA:1,(anonymous_9)
FNDA:2,(anonymous_10)
FNDA:0,(anonymous_11)
FNDA:0,(anonymous_12)
FNDA:16,(anonymous_13)
FNDA:1,(anonymous_14)
FNDA:0,(anonymous_15)
FNDA:4,(anonymous_16)
FNDA:0,(anonymous_17)
FNDA:1,(anonymous_18)
FNDA:1,(anonymous_19)
DA:6,1
DA:7,4
DA:8,4
DA:9,4
DA:10,4
DA:11,4
DA:13,4
DA:20,4
DA:23,4
DA:24,1
DA:25,1
DA:27,1
DA:28,0
DA:29,0
DA:32,1
DA:33,1
DA:35,1
DA:36,1
DA:38,0
DA:40,1
DA:44,1
DA:48,4
DA:50,4
DA:53,4
DA:55,6
DA:56,6
DA:57,6
DA:60,4
DA:61,1
DA:64,4
DA:65,1
DA:66,1
DA:67,1
DA:68,2
DA:69,1
DA:71,0
DA:75,4
DA:76,0
DA:79,4
DA:88,0
DA:123,16
DA:126,1
DA:150,0
DA:158,4
DA:181,0
DA:187,1
DA:201,1
LF:47
LH:39
BRDA:27,0,0,0
BRDA:27,0,1,1
BRDA:36,1,0,1
BRDA:36,1,1,0
BRDA:48,2,0,2
BRDA:48,2,1,2
BRDA:125,3,0,4
BRDA:125,3,1,12
BRDA:133,4,0,1
BRDA:133,4,1,3
BRDA:140,5,0,0
BRDA:140,5,1,3
BRDA:144,6,0,0
BRDA:144,6,1,0
BRDA:146,7,0,0
BRDA:146,7,1,0
BRDA:158,8,0,4
BRDA:158,8,1,0
BRDA:162,9,0,4
BRDA:162,9,1,1
BRDA:163,10,0,4
BRDA:163,10,1,0
BRDA:164,11,0,4
BRDA:164,11,1,3
BRDA:168,12,0,4
BRDA:168,12,1,1
BRDA:172,13,0,4
BRDA:172,13,1,0
BRDA:181,14,0,0
BRDA:181,14,1,0
BRDA:199,15,0,4
BRDA:199,15,1,1
BRF:32
BRH:20
end_of_record
